#
# A fatal error has been detected by the Java Runtime Environment:
#
#  SIGSEGV (0xb) at pc=0x00007fafaac86e18, pid=63348, tid=63380
#
# JRE version: OpenJDK Runtime Environment Temurin-17.0.3+7 (17.0.3+7) (build 17.0.3+7)
# Java VM: OpenJDK 64-Bit Server VM Temurin-17.0.3+7 (17.0.3+7, mixed mode, sharing, tiered, compressed oops, compressed class ptrs, g1 gc, linux-amd64)
# Problematic frame:
# C  [libswipl.so.8.4.2+0xf6e18]
#
# Core dump will be written. Default location: Core dumps may be processed with "/usr/share/apport/apport -p%p -s%s -c%c -d%d -P%P -u%u -g%g -- %E" (or dumping to /home/corp/eclipse-workspace/AI/ai-GOALdigger/goaldiggersrc/core.63348)
#
# If you would like to submit a bug report, please visit:
#   https://github.com/adoptium/adoptium-support/issues
# The crash happened outside the Java Virtual Machine in native code.
# See problematic frame for where to report the bug.
#

---------------  S U M M A R Y ------------

Command Line: goal.tools.eclipse.RunTool /home/corp/eclipse-workspace/.goalprefs /home/corp/eclipse-workspace/AI/ai-GOALdigger/goaldiggersrc/GOALDIGGER.mas2g

Host: AMD EPYC-Rome Processor, 6 cores, 7G, Ubuntu 22.04 LTS
Time: Wed May 25 22:18:45 2022 CEST elapsed time: 1.703490 seconds (0d 0h 0m 1s)

---------------  T H R E A D  ---------------

Current thread (0x00007fafe46046b0):  JavaThread "statusConnection" [_thread_in_native, id=63380, stack(0x00007fafa9f05000,0x00007fafaa005000)]

Stack: [0x00007fafa9f05000,0x00007fafaa005000],  sp=0x00007fafaa001d10,  free space=1011k
Native frames: (J=compiled Java code, j=interpreted, Vv=VM code, C=native code)
C  [libswipl.so.8.4.2+0xf6e18]

Java frames: (J=compiled Java code, j=interpreted, Vv=VM code)
j  org.jpl7.fli.Prolog.next_solution(Lorg/jpl7/fli/qid_t;)Z+0
j  org.jpl7.Query.fetchNextSolution()Z+4
j  org.jpl7.Query.hasMoreSolutions()Z+20
j  org.jpl7.Query.hasNext()Z+1
j  org.jpl7.Query.allSolutions()[Ljava/util/Map;+26
j  swiprolog.database.PrologDatabase.rawquery(Lswiprolog/language/PrologQuery;)Ljava/util/Set;+1
j  swiprolog.database.PrologDatabase.query(LkrTools/language/Query;)Ljava/util/Set;+25
j  swiPrologMentalState.SwiPrologMentalState.createdDatabase(LkrTools/database/Database;LmentalState/BASETYPE;)V+148
j  swiPrologMentalState.SwiPrologMentalBase.<init>(LmentalState/MentalState;LlanguageTools/program/agent/AgentId;LmentalState/BASETYPE;Ljava/util/List;)V+146
j  swiPrologMentalState.SwiPrologMentalModel.initialize()V+74
j  mentalState.MentalState.addAgentModel(LlanguageTools/program/agent/AgentId;)V+19
j  mentalState.MentalState.<init>(LlanguageTools/program/mas/AgentDefinition;LlanguageTools/program/agent/AgentId;Z)V+34
j  mentalState.MentalState.<init>(LlanguageTools/program/mas/AgentDefinition;LlanguageTools/program/agent/AgentId;)V+4
j  swiPrologMentalState.SwiPrologMentalState.<init>(LlanguageTools/program/mas/AgentDefinition;LlanguageTools/program/agent/AgentId;)V+3
v  ~StubRoutines::call_stub
j  jdk.internal.reflect.NativeConstructorAccessorImpl.newInstance0(Ljava/lang/reflect/Constructor;[Ljava/lang/Object;)Ljava/lang/Object;+0 java.base@17.0.3
j  jdk.internal.reflect.NativeConstructorAccessorImpl.newInstance([Ljava/lang/Object;)Ljava/lang/Object;+118 java.base@17.0.3
J 1329 c1 jdk.internal.reflect.DelegatingConstructorAccessorImpl.newInstance([Ljava/lang/Object;)Ljava/lang/Object; java.base@17.0.3 (9 bytes) @ 0x00007fafcdc0d7c4 [0x00007fafcdc0d6c0+0x0000000000000104]
J 1328 c1 java.lang.reflect.Constructor.newInstanceWithCaller([Ljava/lang/Object;ZLjava/lang/Class;)Ljava/lang/Object; java.base@17.0.3 (75 bytes) @ 0x00007fafcdc05edc [0x00007fafcdc05c80+0x000000000000025c]
J 1330 c1 java.lang.reflect.Constructor.newInstance([Ljava/lang/Object;)Ljava/lang/Object; java.base@17.0.3 (34 bytes) @ 0x00007fafcdc0dca4 [0x00007fafcdc0db40+0x0000000000000164]
j  msFactory.MentalStateFactory.getMentalStateInternal(LlanguageTools/program/mas/AgentDefinition;LlanguageTools/program/agent/AgentId;)LmentalState/MentalState;+64
j  msFactory.MentalStateFactory.getMentalState(LlanguageTools/program/mas/AgentDefinition;LlanguageTools/program/agent/AgentId;)LmentalState/MentalStateWithEvents;+6
j  goal.core.runtime.service.agent.RunState.<init>(Lgoal/core/agent/Controller;LlanguageTools/program/agent/AgentId;Lgoal/core/agent/EnvironmentCapabilities;Lgoal/core/agent/LoggingCapabilities;LlanguageTools/program/mas/AgentDefinition;Lgoal/core/agent/AgentRegistry;Lgoal/tools/adapt/Learner;J)V+356
j  goal.core.agent.GOALInterpreter.createRunstate()V+43
j  goal.core.agent.GOALInterpreter$2.run()V+21
j  java.util.concurrent.ThreadPoolExecutor.runWorker(Ljava/util/concurrent/ThreadPoolExecutor$Worker;)V+92 java.base@17.0.3
j  java.util.concurrent.ThreadPoolExecutor$Worker.run()V+5 java.base@17.0.3
j  java.lang.Thread.run()V+11 java.base@17.0.3
v  ~StubRoutines::call_stub

siginfo: si_signo: 11 (SIGSEGV), si_code: 1 (SEGV_MAPERR), si_addr: 0x0000000000000018

Register to memory mapping:

RAX=0x000000000000000b is an unknown value
RBX=0x00007faf54006c40 points into unknown readable memory: 0x0000000000000000 | 00 00 00 00 00 00 00 00
RCX=0x0 is NULL
RDX=0x0000000000000034 is an unknown value
RSP=0x00007fafaa001d10 is pointing into the stack for thread: 0x00007fafe46046b0
RBP=0x00007faf54001200 points into unknown readable memory: 0x0000000000075b05 | 05 5b 07 00 00 00 00 00
RSI=0x0000000000000a1a is an unknown value
RDI=0x00007faf54006cb8 points into unknown readable memory: 0x0000000000000025 | 25 00 00 00 00 00 00 00
R8 =0x00007fafe4483000 points into unknown readable memory: 0x000000000000000d | 0d 00 00 00 00 00 00 00
R9 =0x0 is NULL
R10=0x000000000000000f is an unknown value
R11=0x00007faf54000090 points into unknown readable memory: 0x00007faf5400f570 | 70 f5 00 54 af 7f 00 00
R12=0x00007faf54006c20 points into unknown readable memory: 0x00007faf54006c40 | 40 6c 00 54 af 7f 00 00
R13=0x0000000000a1a10d is an unknown value
R14=0x00007fafaad4b720: <offset 0x00000000001bb720> in /home/corp/.local/share/swilibs/1.4.1-SNAPSHOT/linux/libswipl.so.8.4.2 at 0x00007fafaab90000
R15=0x00007fafaace62f4: <offset 0x00000000001562f4> in /home/corp/.local/share/swilibs/1.4.1-SNAPSHOT/linux/libswipl.so.8.4.2 at 0x00007fafaab90000


Registers:
RAX=0x000000000000000b, RBX=0x00007faf54006c40, RCX=0x0000000000000000, RDX=0x0000000000000034
RSP=0x00007fafaa001d10, RBP=0x00007faf54001200, RSI=0x0000000000000a1a, RDI=0x00007faf54006cb8
R8 =0x00007fafe4483000, R9 =0x0000000000000000, R10=0x000000000000000f, R11=0x00007faf54000090
R12=0x00007faf54006c20, R13=0x0000000000a1a10d, R14=0x00007fafaad4b720, R15=0x00007fafaace62f4
RIP=0x00007fafaac86e18, EFLAGS=0x0000000000010202, CSGSFS=0x002b000000000033, ERR=0x0000000000000004
  TRAPNO=0x000000000000000e

Top of Stack: (sp=0x00007fafaa001d10)
0x00007fafaa001d10:   0000000000000004 00007fafaacbcd5b
0x00007fafaa001d20:   0000000000000104 00007faf54001280
0x00007fafaa001d30:   0000000000000004 0000000000000047
0x00007fafaa001d40:   00007fafaa001dc8 00007fafaacbd1c4 

Instructions: (pc=0x00007fafaac86e18)
0x00007fafaac86d18:   48 48 83 c4 38 5b 5d 41 5c 41 5d 41 5e 41 5f c3
0x00007fafaac86d28:   e8 23 0e 02 00 45 31 ff 41 83 ad 78 02 00 00 01
0x00007fafaac86d38:   75 1a 41 83 bd 70 02 00 00 00 74 10 4c 89 ef e8
0x00007fafaac86d48:   64 ba 03 00 85 c0 0f 84 62 40 f6 ff 49 63 c7 eb
0x00007fafaac86d58:   b0 41 bf 01 00 00 00 eb cf e8 6a c5 f2 ff 66 2e
0x00007fafaac86d68:   0f 1f 84 00 00 00 00 00 f3 0f 1e fa 41 56 41 55
0x00007fafaac86d78:   49 89 fd 41 54 55 48 89 f5 53 48 83 ec 10 48 8d
0x00007fafaac86d88:   05 23 67 0c 00 8b 38 e8 ec b7 f2 ff 48 8b 75 18
0x00007fafaac86d98:   4c 89 ea 48 89 c7 e8 4d 44 02 00 48 85 c0 0f 85
0x00007fafaac86da8:   cf 00 00 00 bf 10 00 00 00 e8 1a a2 01 00 bf 78
0x00007fafaac86db8:   00 00 00 49 89 c4 e8 0d a2 01 00 4c 89 ee b9 1e
0x00007fafaac86dc8:   00 00 00 49 c7 44 24 08 00 00 00 00 48 89 c3 48
0x00007fafaac86dd8:   c1 ee 0c 49 89 04 24 31 c0 48 89 df 48 0f bd d6
0x00007fafaac86de8:   4c 8d 35 31 49 0c 00 f3 ab 48 83 f2 3f b8 3f 00
0x00007fafaac86df8:   00 00 29 d0 48 98 4d 8b 84 c6 90 15 00 00 4d 8b
0x00007fafaac86e08:   0c f0 48 89 6b 08 c7 43 50 01 00 00 00 4c 89 0b
0x00007fafaac86e18:   49 8b 79 18 48 85 ff 74 67 48 c1 e7 03 e8 a6 a1
0x00007fafaac86e28:   01 00 4c 8b 13 31 f6 48 89 43 18 48 89 c7 49 8b
0x00007fafaac86e38:   52 18 48 c1 e2 03 e8 2d b8 f2 ff 49 8b 3c 24 be
0x00007fafaac86e48:   01 00 00 00 e8 3f 5c 03 00 f0 41 83 86 94 09 00
0x00007fafaac86e58:   00 01 f0 48 81 45 40 88 00 00 00 48 8b 7d 18 4c
0x00007fafaac86e68:   89 e2 4c 89 ee e8 7e 45 02 00 49 39 c4 0f 85 8d
0x00007fafaac86e78:   45 f6 ff 48 83 c4 10 5b 5d 41 5c 41 5d 41 5e c3
0x00007fafaac86e88:   48 c7 43 18 00 00 00 00 eb b1 66 66 2e 0f 1f 84
0x00007fafaac86e98:   00 00 00 00 00 0f 1f 00 f3 0f 1e fa 41 57 49 89
0x00007fafaac86ea8:   d7 41 56 41 55 41 54 55 48 89 f5 53 48 89 fb 48
0x00007fafaac86eb8:   83 ec 18 48 89 14 24 49 8b 77 18 48 89 ea 48 89
0x00007fafaac86ec8:   df e8 22 43 02 00 49 89 c4 48 85 c0 0f 84 c6 00
0x00007fafaac86ed8:   00 00 4c 8b 30 49 8b 46 48 a9 20 32 00 28 0f 85
0x00007fafaac86ee8:   85 00 00 00 a9 20 04 00 00 0f 85 a9 00 00 00 49
0x00007fafaac86ef8:   83 7e 20 00 0f 84 9e 00 00 00 48 8d 15 a7 65 0c
0x00007fafaac86f08:   00 8b 3a e8 70 b6 f2 ff 48 8d 0d 09 48 0c 00 48 


Stack slot to memory mapping:
stack at sp + 0 slots: 0x0000000000000004 is an unknown value
stack at sp + 1 slots: 0x00007fafaacbcd5b: <offset 0x000000000012cd5b> in /home/corp/.local/share/swilibs/1.4.1-SNAPSHOT/linux/libswipl.so.8.4.2 at 0x00007fafaab90000
stack at sp + 2 slots: 0x0000000000000104 is an unknown value
stack at sp + 3 slots: 0x00007faf54001280 points into unknown readable memory: 0x000000003cfd82b4 | b4 82 fd 3c 00 00 00 00
stack at sp + 4 slots: 0x0000000000000004 is an unknown value
stack at sp + 5 slots: 0x0000000000000047 is an unknown value
stack at sp + 6 slots: 0x00007fafaa001dc8 is pointing into the stack for thread: 0x00007fafe46046b0
stack at sp + 7 slots: 0x00007fafaacbd1c4: <offset 0x000000000012d1c4> in /home/corp/.local/share/swilibs/1.4.1-SNAPSHOT/linux/libswipl.so.8.4.2 at 0x00007fafaab90000


---------------  P R O C E S S  ---------------

Threads class SMR info:
_java_thread_list=0x00007faf4800c660, length=27, elements={
0x00007fafe4024160, 0x00007fafe4131700, 0x00007fafe4132ae0, 0x00007fafe4137ca0,
0x00007fafe4139050, 0x00007fafe413a460, 0x00007fafe413be10, 0x00007fafe413d340,
0x00007fafe413e7b0, 0x00007fafe4165e70, 0x00007fafe4169770, 0x00007faf94064270,
0x00007fafe45e4a40, 0x00007fafe45e57e0, 0x00007fafe45e5fc0, 0x00007fafe4600970,
0x00007fafe46015d0, 0x00007fafe46025c0, 0x00007fafe4603610, 0x00007fafe46046b0,
0x00007fafe4609290, 0x00007faf48001d40, 0x00007faf48006480, 0x00007faf480074c0,
0x00007faf48008970, 0x00007faf48009e30, 0x00007faf4800b2f0
}
_to_delete_list=0x00007faf4800b1c0
Skipping _to_delete_list fields and contents for safety.

Java Threads: ( => current thread )
  0x00007fafe4024160 JavaThread "main" [_thread_blocked, id=63349, stack(0x00007fafebd22000,0x00007fafebe22000)]
  0x00007fafe4131700 JavaThread "Reference Handler" daemon [_thread_blocked, id=63357, stack(0x00007fafc9010000,0x00007fafc9110000)]
  0x00007fafe4132ae0 JavaThread "Finalizer" daemon [_thread_blocked, id=63358, stack(0x00007fafc8700000,0x00007fafc8800000)]
  0x00007fafe4137ca0 JavaThread "Signal Dispatcher" daemon [_thread_blocked, id=63359, stack(0x00007fafc8600000,0x00007fafc8700000)]
  0x00007fafe4139050 JavaThread "Service Thread" daemon [_thread_blocked, id=63360, stack(0x00007fafc8500000,0x00007fafc8600000)]
  0x00007fafe413a460 JavaThread "Monitor Deflation Thread" daemon [_thread_blocked, id=63361, stack(0x00007fafc8400000,0x00007fafc8500000)]
  0x00007fafe413be10 JavaThread "C2 CompilerThread0" daemon [_thread_in_native, id=63362, stack(0x00007fafc8300000,0x00007fafc8400000)]
  0x00007fafe413d340 JavaThread "C1 CompilerThread0" daemon [_thread_in_native, id=63363, stack(0x00007fafc8200000,0x00007fafc8300000)]
  0x00007fafe413e7b0 JavaThread "Sweeper thread" daemon [_thread_blocked, id=63364, stack(0x00007fafc8100000,0x00007fafc8200000)]
  0x00007fafe4165e70 JavaThread "Notification Thread" daemon [_thread_blocked, id=63365, stack(0x00007fafc8000000,0x00007fafc8100000)]
  0x00007fafe4169770 JavaThread "Common-Cleaner" daemon [_thread_blocked, id=63367, stack(0x00007fafab017000,0x00007fafab117000)]
  0x00007faf94064270 JavaThread "C2 CompilerThread1" daemon [_thread_in_native, id=63368, stack(0x00007fafaaeb7000,0x00007fafaafb7000)]
  0x00007fafe45e4a40 JavaThread "Team7" [_thread_in_native, id=63373, stack(0x00007fafaa605000,0x00007fafaa705000)]
  0x00007fafe45e57e0 JavaThread "Team6" [_thread_blocked, id=63374, stack(0x00007fafaa505000,0x00007fafaa605000)]
  0x00007fafe45e5fc0 JavaThread "Team5" [_thread_in_vm, id=63375, stack(0x00007fafaa405000,0x00007fafaa505000)]
  0x00007fafe4600970 JavaThread "Team4" [_thread_blocked, id=63376, stack(0x00007fafaa305000,0x00007fafaa405000)]
  0x00007fafe46015d0 JavaThread "Team3" [_thread_blocked, id=63377, stack(0x00007fafaa205000,0x00007fafaa305000)]
  0x00007fafe46025c0 JavaThread "Team2" [_thread_blocked, id=63378, stack(0x00007fafaa105000,0x00007fafaa205000)]
  0x00007fafe4603610 JavaThread "Team1" [_thread_in_native, id=63379, stack(0x00007fafaa005000,0x00007fafaa105000)]
=>0x00007fafe46046b0 JavaThread "statusConnection" [_thread_in_native, id=63380, stack(0x00007fafa9f05000,0x00007fafaa005000)]
  0x00007fafe4609290 JavaThread "Thread-0" [_thread_in_vm, id=63381, stack(0x00007fafa9e05000,0x00007fafa9f05000)]
  0x00007faf48001d40 JavaThread "Thread-1" [_thread_blocked, id=63382, stack(0x00007fafa9d05000,0x00007fafa9e05000)]
  0x00007faf48006480 JavaThread "pool-1-thread-1" [_thread_blocked, id=63384, stack(0x00007fafa9c05000,0x00007fafa9d05000)]
  0x00007faf480074c0 JavaThread "pool-2-thread-1" [_thread_blocked, id=63386, stack(0x00007fafa9300000,0x00007fafa9400000)]
  0x00007faf48008970 JavaThread "pool-3-thread-1" [_thread_blocked, id=63388, stack(0x00007fafa9200000,0x00007fafa9300000)]
  0x00007faf48009e30 JavaThread "pool-4-thread-1" [_thread_blocked, id=63389, stack(0x00007fafa9100000,0x00007fafa9200000)]
  0x00007faf4800b2f0 JavaThread "pool-5-thread-1" [_thread_blocked, id=63392, stack(0x00007fafa9000000,0x00007fafa9100000)]

Other Threads:
  0x00007fafe412d7e0 VMThread "VM Thread" [stack: 0x00007fafc9112000,0x00007fafc9212000] [id=63356]
  0x00007fafe41677b0 WatcherThread [stack: 0x00007fafab119000,0x00007fafab219000] [id=63366]
  0x00007fafe407edd0 GCTaskThread "GC Thread#0" [stack: 0x00007fafe88af000,0x00007fafe89af000] [id=63350]
  0x00007fafac005850 GCTaskThread "GC Thread#1" [stack: 0x00007fafaa90b000,0x00007fafaaa0b000] [id=63369]
  0x00007fafac006280 GCTaskThread "GC Thread#2" [stack: 0x00007fafaa809000,0x00007fafaa909000] [id=63370]
  0x00007fafac00c2d0 GCTaskThread "GC Thread#3" [stack: 0x00007fafaa707000,0x00007fafaa807000] [id=63371]
  0x00007fafe408fc10 ConcurrentGCThread "G1 Main Marker" [stack: 0x00007fafe87ad000,0x00007fafe88ad000] [id=63351]
  0x00007fafe4090b00 ConcurrentGCThread "G1 Conc#0" [stack: 0x00007fafe86ab000,0x00007fafe87ab000] [id=63352]
  0x00007fafe40ff010 ConcurrentGCThread "G1 Refine#0" [stack: 0x00007fafc9468000,0x00007fafc9568000] [id=63353]
  0x00007fafe40fff00 ConcurrentGCThread "G1 Service" [stack: 0x00007fafc9366000,0x00007fafc9466000] [id=63354]

Threads with active compile tasks:
C2 CompilerThread0     1712 1847       4       swiprolog.parser.Analyzer::addQuery (522 bytes)
C1 CompilerThread0     1712 2156       2       jdk.internal.org.objectweb.asm.SymbolTable::addConstantNameAndType (137 bytes)
C2 CompilerThread1     1712 1774       4       cognitiveSwiprolog.CognitiveSwiProlog::getVars (183 bytes)

VM state: not at safepoint (normal execution)

VM Mutex/Monitor currently owned by a thread:  ([mutex/lock_event])
[0x00007fafe40202e0] Metaspace_lock - owner thread: 0x0000000000000000
[0x00007fafe40212e0] Threads_lock - owner thread: 0x00007fafe4609290

Heap address: 0x0000000083a00000, size: 1990 MB, Compressed Oops mode: 32-bit

CDS archive(s) mapped at: [0x0000000800000000-0x0000000800bde000-0x0000000800bde000), size 12443648, SharedBaseAddress: 0x0000000800000000, ArchiveRelocationMode: 0.
Compressed class space mapped at: 0x0000000800c00000-0x0000000840c00000, reserved size: 1073741824
Narrow klass base: 0x0000000800000000, Narrow klass shift: 0, Narrow klass range: 0x100000000

GC Precious Log:
 CPUs: 6 total, 6 available
 Memory: 7952M
 Large Page Support: Disabled
 NUMA Support: Disabled
 Compressed Oops: Enabled (32-bit)
 Heap Region Size: 1M
 Heap Min Capacity: 8M
 Heap Initial Capacity: 126M
 Heap Max Capacity: 1990M
 Pre-touch: Disabled
 Parallel Workers: 6
 Concurrent Workers: 2
 Concurrent Refinement Workers: 6
 Periodic GC: Disabled

Heap:
 garbage-first heap   total 177152K, used 79075K [0x0000000083a00000, 0x0000000100000000)
  region size 1024K, 73 young (74752K), 5 survivors (5120K)
 Metaspace       used 7773K, committed 8000K, reserved 1064960K
  class space    used 887K, committed 1024K, reserved 1048576K

Heap Regions: E=young(eden), S=young(survivor), O=old, HS=humongous(starts), HC=humongous(continues), CS=collection set, F=free, OA=open archive, CA=closed archive, TAMS=top-at-mark-start (previous, next)
|   0|0x0000000083a00000, 0x0000000083b00000, 0x0000000083b00000|100%|HS|  |TAMS 0x0000000083a00000, 0x0000000083a00000| Complete 
|   1|0x0000000083b00000, 0x0000000083c00000, 0x0000000083c00000|100%|HC|  |TAMS 0x0000000083b00000, 0x0000000083b00000| Complete 
|   2|0x0000000083c00000, 0x0000000083d00000, 0x0000000083d00000|100%| O|  |TAMS 0x0000000083c00000, 0x0000000083c00000| Untracked 
|   3|0x0000000083d00000, 0x0000000083e00000, 0x0000000083e00000|100%| O|  |TAMS 0x0000000083d00000, 0x0000000083d00000| Untracked 
|   4|0x0000000083e00000, 0x0000000083e6d800, 0x0000000083f00000| 42%| O|  |TAMS 0x0000000083e00000, 0x0000000083e00000| Untracked 
|   5|0x0000000083f00000, 0x0000000083f00000, 0x0000000084000000|  0%| F|  |TAMS 0x0000000083f00000, 0x0000000083f00000| Untracked 
|   6|0x0000000084000000, 0x0000000084000000, 0x0000000084100000|  0%| F|  |TAMS 0x0000000084000000, 0x0000000084000000| Untracked 
|   7|0x0000000084100000, 0x0000000084100000, 0x0000000084200000|  0%| F|  |TAMS 0x0000000084100000, 0x0000000084100000| Untracked 
|   8|0x0000000084200000, 0x0000000084200000, 0x0000000084300000|  0%| F|  |TAMS 0x0000000084200000, 0x0000000084200000| Untracked 
|   9|0x0000000084300000, 0x0000000084300000, 0x0000000084400000|  0%| F|  |TAMS 0x0000000084300000, 0x0000000084300000| Untracked 
|  10|0x0000000084400000, 0x0000000084400000, 0x0000000084500000|  0%| F|  |TAMS 0x0000000084400000, 0x0000000084400000| Untracked 
|  11|0x0000000084500000, 0x0000000084500000, 0x0000000084600000|  0%| F|  |TAMS 0x0000000084500000, 0x0000000084500000| Untracked 
|  12|0x0000000084600000, 0x0000000084600000, 0x0000000084700000|  0%| F|  |TAMS 0x0000000084600000, 0x0000000084600000| Untracked 
|  13|0x0000000084700000, 0x0000000084700000, 0x0000000084800000|  0%| F|  |TAMS 0x0000000084700000, 0x0000000084700000| Untracked 
|  14|0x0000000084800000, 0x0000000084800000, 0x0000000084900000|  0%| F|  |TAMS 0x0000000084800000, 0x0000000084800000| Untracked 
|  15|0x0000000084900000, 0x0000000084900000, 0x0000000084a00000|  0%| F|  |TAMS 0x0000000084900000, 0x0000000084900000| Untracked 
|  16|0x0000000084a00000, 0x0000000084a00000, 0x0000000084b00000|  0%| F|  |TAMS 0x0000000084a00000, 0x0000000084a00000| Untracked 
|  17|0x0000000084b00000, 0x0000000084b00000, 0x0000000084c00000|  0%| F|  |TAMS 0x0000000084b00000, 0x0000000084b00000| Untracked 
|  18|0x0000000084c00000, 0x0000000084c00000, 0x0000000084d00000|  0%| F|  |TAMS 0x0000000084c00000, 0x0000000084c00000| Untracked 
|  19|0x0000000084d00000, 0x0000000084d00000, 0x0000000084e00000|  0%| F|  |TAMS 0x0000000084d00000, 0x0000000084d00000| Untracked 
|  20|0x0000000084e00000, 0x0000000084e00000, 0x0000000084f00000|  0%| F|  |TAMS 0x0000000084e00000, 0x0000000084e00000| Untracked 
|  21|0x0000000084f00000, 0x0000000084f00000, 0x0000000085000000|  0%| F|  |TAMS 0x0000000084f00000, 0x0000000084f00000| Untracked 
|  22|0x0000000085000000, 0x0000000085000000, 0x0000000085100000|  0%| F|  |TAMS 0x0000000085000000, 0x0000000085000000| Untracked 
|  23|0x0000000085100000, 0x0000000085100000, 0x0000000085200000|  0%| F|  |TAMS 0x0000000085100000, 0x0000000085100000| Untracked 
|  24|0x0000000085200000, 0x0000000085200000, 0x0000000085300000|  0%| F|  |TAMS 0x0000000085200000, 0x0000000085200000| Untracked 
|  25|0x0000000085300000, 0x0000000085300000, 0x0000000085400000|  0%| F|  |TAMS 0x0000000085300000, 0x0000000085300000| Untracked 
|  26|0x0000000085400000, 0x0000000085400000, 0x0000000085500000|  0%| F|  |TAMS 0x0000000085400000, 0x0000000085400000| Untracked 
|  27|0x0000000085500000, 0x0000000085500000, 0x0000000085600000|  0%| F|  |TAMS 0x0000000085500000, 0x0000000085500000| Untracked 
|  28|0x0000000085600000, 0x0000000085600000, 0x0000000085700000|  0%| F|  |TAMS 0x0000000085600000, 0x0000000085600000| Untracked 
|  29|0x0000000085700000, 0x0000000085700000, 0x0000000085800000|  0%| F|  |TAMS 0x0000000085700000, 0x0000000085700000| Untracked 
|  30|0x0000000085800000, 0x0000000085800000, 0x0000000085900000|  0%| F|  |TAMS 0x0000000085800000, 0x0000000085800000| Untracked 
|  31|0x0000000085900000, 0x0000000085900000, 0x0000000085a00000|  0%| F|  |TAMS 0x0000000085900000, 0x0000000085900000| Untracked 
|  32|0x0000000085a00000, 0x0000000085a00000, 0x0000000085b00000|  0%| F|  |TAMS 0x0000000085a00000, 0x0000000085a00000| Untracked 
|  33|0x0000000085b00000, 0x0000000085b00000, 0x0000000085c00000|  0%| F|  |TAMS 0x0000000085b00000, 0x0000000085b00000| Untracked 
|  34|0x0000000085c00000, 0x0000000085c00000, 0x0000000085d00000|  0%| F|  |TAMS 0x0000000085c00000, 0x0000000085c00000| Untracked 
|  35|0x0000000085d00000, 0x0000000085d00000, 0x0000000085e00000|  0%| F|  |TAMS 0x0000000085d00000, 0x0000000085d00000| Untracked 
|  36|0x0000000085e00000, 0x0000000085e00000, 0x0000000085f00000|  0%| F|  |TAMS 0x0000000085e00000, 0x0000000085e00000| Untracked 
|  37|0x0000000085f00000, 0x0000000085f00000, 0x0000000086000000|  0%| F|  |TAMS 0x0000000085f00000, 0x0000000085f00000| Untracked 
|  38|0x0000000086000000, 0x0000000086000000, 0x0000000086100000|  0%| F|  |TAMS 0x0000000086000000, 0x0000000086000000| Untracked 
|  39|0x0000000086100000, 0x0000000086100000, 0x0000000086200000|  0%| F|  |TAMS 0x0000000086100000, 0x0000000086100000| Untracked 
|  40|0x0000000086200000, 0x0000000086200000, 0x0000000086300000|  0%| F|  |TAMS 0x0000000086200000, 0x0000000086200000| Untracked 
|  41|0x0000000086300000, 0x0000000086300000, 0x0000000086400000|  0%| F|  |TAMS 0x0000000086300000, 0x0000000086300000| Untracked 
|  42|0x0000000086400000, 0x0000000086400000, 0x0000000086500000|  0%| F|  |TAMS 0x0000000086400000, 0x0000000086400000| Untracked 
|  43|0x0000000086500000, 0x0000000086500000, 0x0000000086600000|  0%| F|  |TAMS 0x0000000086500000, 0x0000000086500000| Untracked 
|  44|0x0000000086600000, 0x0000000086600000, 0x0000000086700000|  0%| F|  |TAMS 0x0000000086600000, 0x0000000086600000| Untracked 
|  45|0x0000000086700000, 0x0000000086700000, 0x0000000086800000|  0%| F|  |TAMS 0x0000000086700000, 0x0000000086700000| Untracked 
|  46|0x0000000086800000, 0x0000000086800000, 0x0000000086900000|  0%| F|  |TAMS 0x0000000086800000, 0x0000000086800000| Untracked 
|  47|0x0000000086900000, 0x0000000086900000, 0x0000000086a00000|  0%| F|  |TAMS 0x0000000086900000, 0x0000000086900000| Untracked 
|  48|0x0000000086a00000, 0x0000000086a00000, 0x0000000086b00000|  0%| F|  |TAMS 0x0000000086a00000, 0x0000000086a00000| Untracked 
|  49|0x0000000086b00000, 0x0000000086b00000, 0x0000000086c00000|  0%| F|  |TAMS 0x0000000086b00000, 0x0000000086b00000| Untracked 
|  50|0x0000000086c00000, 0x0000000086c00000, 0x0000000086d00000|  0%| F|  |TAMS 0x0000000086c00000, 0x0000000086c00000| Untracked 
|  51|0x0000000086d00000, 0x0000000086d00000, 0x0000000086e00000|  0%| F|  |TAMS 0x0000000086d00000, 0x0000000086d00000| Untracked 
|  52|0x0000000086e00000, 0x0000000086e00000, 0x0000000086f00000|  0%| F|  |TAMS 0x0000000086e00000, 0x0000000086e00000| Untracked 
|  53|0x0000000086f00000, 0x0000000086f00000, 0x0000000087000000|  0%| F|  |TAMS 0x0000000086f00000, 0x0000000086f00000| Untracked 
|  54|0x0000000087000000, 0x0000000087000000, 0x0000000087100000|  0%| F|  |TAMS 0x0000000087000000, 0x0000000087000000| Untracked 
|  55|0x0000000087100000, 0x0000000087100000, 0x0000000087200000|  0%| F|  |TAMS 0x0000000087100000, 0x0000000087100000| Untracked 
|  56|0x0000000087200000, 0x0000000087200000, 0x0000000087300000|  0%| F|  |TAMS 0x0000000087200000, 0x0000000087200000| Untracked 
|  57|0x0000000087300000, 0x0000000087300000, 0x0000000087400000|  0%| F|  |TAMS 0x0000000087300000, 0x0000000087300000| Untracked 
|  58|0x0000000087400000, 0x0000000087400000, 0x0000000087500000|  0%| F|  |TAMS 0x0000000087400000, 0x0000000087400000| Untracked 
|  59|0x0000000087500000, 0x0000000087500000, 0x0000000087600000|  0%| F|  |TAMS 0x0000000087500000, 0x0000000087500000| Untracked 
|  60|0x0000000087600000, 0x0000000087600000, 0x0000000087700000|  0%| F|  |TAMS 0x0000000087600000, 0x0000000087600000| Untracked 
|  61|0x0000000087700000, 0x0000000087700000, 0x0000000087800000|  0%| F|  |TAMS 0x0000000087700000, 0x0000000087700000| Untracked 
|  62|0x0000000087800000, 0x0000000087800000, 0x0000000087900000|  0%| F|  |TAMS 0x0000000087800000, 0x0000000087800000| Untracked 
|  63|0x0000000087900000, 0x0000000087900000, 0x0000000087a00000|  0%| F|  |TAMS 0x0000000087900000, 0x0000000087900000| Untracked 
|  64|0x0000000087a00000, 0x0000000087a00000, 0x0000000087b00000|  0%| F|  |TAMS 0x0000000087a00000, 0x0000000087a00000| Untracked 
|  65|0x0000000087b00000, 0x0000000087b00000, 0x0000000087c00000|  0%| F|  |TAMS 0x0000000087b00000, 0x0000000087b00000| Untracked 
|  66|0x0000000087c00000, 0x0000000087c00000, 0x0000000087d00000|  0%| F|  |TAMS 0x0000000087c00000, 0x0000000087c00000| Untracked 
|  67|0x0000000087d00000, 0x0000000087d00000, 0x0000000087e00000|  0%| F|  |TAMS 0x0000000087d00000, 0x0000000087d00000| Untracked 
|  68|0x0000000087e00000, 0x0000000087ed3780, 0x0000000087f00000| 82%| S|CS|TAMS 0x0000000087e00000, 0x0000000087e00000| Complete 
|  69|0x0000000087f00000, 0x0000000088000000, 0x0000000088000000|100%| S|CS|TAMS 0x0000000087f00000, 0x0000000087f00000| Complete 
|  70|0x0000000088000000, 0x0000000088100000, 0x0000000088100000|100%| S|CS|TAMS 0x0000000088000000, 0x0000000088000000| Complete 
|  71|0x0000000088100000, 0x0000000088200000, 0x0000000088200000|100%| S|CS|TAMS 0x0000000088100000, 0x0000000088100000| Complete 
|  72|0x0000000088200000, 0x0000000088300000, 0x0000000088300000|100%| S|CS|TAMS 0x0000000088200000, 0x0000000088200000| Complete 
|  73|0x0000000088300000, 0x0000000088300000, 0x0000000088400000|  0%| F|  |TAMS 0x0000000088300000, 0x0000000088300000| Untracked 
|  74|0x0000000088400000, 0x0000000088400000, 0x0000000088500000|  0%| F|  |TAMS 0x0000000088400000, 0x0000000088400000| Untracked 
|  75|0x0000000088500000, 0x0000000088500000, 0x0000000088600000|  0%| F|  |TAMS 0x0000000088500000, 0x0000000088500000| Untracked 
|  76|0x0000000088600000, 0x0000000088600000, 0x0000000088700000|  0%| F|  |TAMS 0x0000000088600000, 0x0000000088600000| Untracked 
|  77|0x0000000088700000, 0x0000000088700000, 0x0000000088800000|  0%| F|  |TAMS 0x0000000088700000, 0x0000000088700000| Untracked 
|  78|0x0000000088800000, 0x0000000088800000, 0x0000000088900000|  0%| F|  |TAMS 0x0000000088800000, 0x0000000088800000| Untracked 
|  79|0x0000000088900000, 0x0000000088900000, 0x0000000088a00000|  0%| F|  |TAMS 0x0000000088900000, 0x0000000088900000| Untracked 
|  80|0x0000000088a00000, 0x0000000088a00000, 0x0000000088b00000|  0%| F|  |TAMS 0x0000000088a00000, 0x0000000088a00000| Untracked 
|  81|0x0000000088b00000, 0x0000000088b00000, 0x0000000088c00000|  0%| F|  |TAMS 0x0000000088b00000, 0x0000000088b00000| Untracked 
|  82|0x0000000088c00000, 0x0000000088c00000, 0x0000000088d00000|  0%| F|  |TAMS 0x0000000088c00000, 0x0000000088c00000| Untracked 
|  83|0x0000000088d00000, 0x0000000088d00000, 0x0000000088e00000|  0%| F|  |TAMS 0x0000000088d00000, 0x0000000088d00000| Untracked 
|  84|0x0000000088e00000, 0x0000000088e00000, 0x0000000088f00000|  0%| F|  |TAMS 0x0000000088e00000, 0x0000000088e00000| Untracked 
|  85|0x0000000088f00000, 0x0000000088f00000, 0x0000000089000000|  0%| F|  |TAMS 0x0000000088f00000, 0x0000000088f00000| Untracked 
|  86|0x0000000089000000, 0x0000000089000000, 0x0000000089100000|  0%| F|  |TAMS 0x0000000089000000, 0x0000000089000000| Untracked 
|  87|0x0000000089100000, 0x0000000089100000, 0x0000000089200000|  0%| F|  |TAMS 0x0000000089100000, 0x0000000089100000| Untracked 
|  88|0x0000000089200000, 0x0000000089200000, 0x0000000089300000|  0%| F|  |TAMS 0x0000000089200000, 0x0000000089200000| Untracked 
|  89|0x0000000089300000, 0x0000000089300000, 0x0000000089400000|  0%| F|  |TAMS 0x0000000089300000, 0x0000000089300000| Untracked 
|  90|0x0000000089400000, 0x0000000089400000, 0x0000000089500000|  0%| F|  |TAMS 0x0000000089400000, 0x0000000089400000| Untracked 
|  91|0x0000000089500000, 0x0000000089500000, 0x0000000089600000|  0%| F|  |TAMS 0x0000000089500000, 0x0000000089500000| Untracked 
|  92|0x0000000089600000, 0x0000000089600000, 0x0000000089700000|  0%| F|  |TAMS 0x0000000089600000, 0x0000000089600000| Untracked 
|  93|0x0000000089700000, 0x0000000089700000, 0x0000000089800000|  0%| F|  |TAMS 0x0000000089700000, 0x0000000089700000| Untracked 
|  94|0x0000000089800000, 0x0000000089800000, 0x0000000089900000|  0%| F|  |TAMS 0x0000000089800000, 0x0000000089800000| Untracked 
|  95|0x0000000089900000, 0x0000000089900000, 0x0000000089a00000|  0%| F|  |TAMS 0x0000000089900000, 0x0000000089900000| Untracked 
|  96|0x0000000089a00000, 0x0000000089a00000, 0x0000000089b00000|  0%| F|  |TAMS 0x0000000089a00000, 0x0000000089a00000| Untracked 
|  97|0x0000000089b00000, 0x0000000089b00000, 0x0000000089c00000|  0%| F|  |TAMS 0x0000000089b00000, 0x0000000089b00000| Untracked 
|  98|0x0000000089c00000, 0x0000000089c00000, 0x0000000089d00000|  0%| F|  |TAMS 0x0000000089c00000, 0x0000000089c00000| Untracked 
|  99|0x0000000089d00000, 0x0000000089d00000, 0x0000000089e00000|  0%| F|  |TAMS 0x0000000089d00000, 0x0000000089d00000| Untracked 
| 100|0x0000000089e00000, 0x0000000089e00000, 0x0000000089f00000|  0%| F|  |TAMS 0x0000000089e00000, 0x0000000089e00000| Untracked 
| 101|0x0000000089f00000, 0x0000000089f00000, 0x000000008a000000|  0%| F|  |TAMS 0x0000000089f00000, 0x0000000089f00000| Untracked 
| 102|0x000000008a000000, 0x000000008a080800, 0x000000008a100000| 50%| E|  |TAMS 0x000000008a000000, 0x000000008a000000| Complete 
| 103|0x000000008a100000, 0x000000008a200000, 0x000000008a200000|100%| E|CS|TAMS 0x000000008a100000, 0x000000008a100000| Complete 
| 104|0x000000008a200000, 0x000000008a300000, 0x000000008a300000|100%| E|CS|TAMS 0x000000008a200000, 0x000000008a200000| Complete 
| 105|0x000000008a300000, 0x000000008a400000, 0x000000008a400000|100%| E|CS|TAMS 0x000000008a300000, 0x000000008a300000| Complete 
| 106|0x000000008a400000, 0x000000008a500000, 0x000000008a500000|100%| E|CS|TAMS 0x000000008a400000, 0x000000008a400000| Complete 
| 107|0x000000008a500000, 0x000000008a600000, 0x000000008a600000|100%| E|CS|TAMS 0x000000008a500000, 0x000000008a500000| Complete 
| 108|0x000000008a600000, 0x000000008a700000, 0x000000008a700000|100%| E|CS|TAMS 0x000000008a600000, 0x000000008a600000| Complete 
| 109|0x000000008a700000, 0x000000008a800000, 0x000000008a800000|100%| E|CS|TAMS 0x000000008a700000, 0x000000008a700000| Complete 
| 110|0x000000008a800000, 0x000000008a900000, 0x000000008a900000|100%| E|CS|TAMS 0x000000008a800000, 0x000000008a800000| Complete 
| 111|0x000000008a900000, 0x000000008aa00000, 0x000000008aa00000|100%| E|CS|TAMS 0x000000008a900000, 0x000000008a900000| Complete 
| 112|0x000000008aa00000, 0x000000008ab00000, 0x000000008ab00000|100%| E|CS|TAMS 0x000000008aa00000, 0x000000008aa00000| Complete 
| 113|0x000000008ab00000, 0x000000008ac00000, 0x000000008ac00000|100%| E|CS|TAMS 0x000000008ab00000, 0x000000008ab00000| Complete 
| 114|0x000000008ac00000, 0x000000008ad00000, 0x000000008ad00000|100%| E|CS|TAMS 0x000000008ac00000, 0x000000008ac00000| Complete 
| 115|0x000000008ad00000, 0x000000008ae00000, 0x000000008ae00000|100%| E|CS|TAMS 0x000000008ad00000, 0x000000008ad00000| Complete 
| 116|0x000000008ae00000, 0x000000008af00000, 0x000000008af00000|100%| E|CS|TAMS 0x000000008ae00000, 0x000000008ae00000| Complete 
| 117|0x000000008af00000, 0x000000008b000000, 0x000000008b000000|100%| E|CS|TAMS 0x000000008af00000, 0x000000008af00000| Complete 
| 118|0x000000008b000000, 0x000000008b100000, 0x000000008b100000|100%| E|CS|TAMS 0x000000008b000000, 0x000000008b000000| Complete 
| 119|0x000000008b100000, 0x000000008b200000, 0x000000008b200000|100%| E|CS|TAMS 0x000000008b100000, 0x000000008b100000| Complete 
| 120|0x000000008b200000, 0x000000008b300000, 0x000000008b300000|100%| E|CS|TAMS 0x000000008b200000, 0x000000008b200000| Complete 
| 121|0x000000008b300000, 0x000000008b400000, 0x000000008b400000|100%| E|CS|TAMS 0x000000008b300000, 0x000000008b300000| Complete 
| 122|0x000000008b400000, 0x000000008b500000, 0x000000008b500000|100%| E|CS|TAMS 0x000000008b400000, 0x000000008b400000| Complete 
| 123|0x000000008b500000, 0x000000008b600000, 0x000000008b600000|100%| E|CS|TAMS 0x000000008b500000, 0x000000008b500000| Complete 
| 124|0x000000008b600000, 0x000000008b700000, 0x000000008b700000|100%| E|CS|TAMS 0x000000008b600000, 0x000000008b600000| Complete 
| 125|0x000000008b700000, 0x000000008b800000, 0x000000008b800000|100%| E|CS|TAMS 0x000000008b700000, 0x000000008b700000| Complete 
| 126|0x000000008b800000, 0x000000008b900000, 0x000000008b900000|100%| E|CS|TAMS 0x000000008b800000, 0x000000008b800000| Complete 
| 127|0x000000008b900000, 0x000000008ba00000, 0x000000008ba00000|100%| E|CS|TAMS 0x000000008b900000, 0x000000008b900000| Complete 
| 128|0x000000008ba00000, 0x000000008bb00000, 0x000000008bb00000|100%| E|CS|TAMS 0x000000008ba00000, 0x000000008ba00000| Complete 
| 129|0x000000008bb00000, 0x000000008bc00000, 0x000000008bc00000|100%| E|CS|TAMS 0x000000008bb00000, 0x000000008bb00000| Complete 
| 130|0x000000008bc00000, 0x000000008bd00000, 0x000000008bd00000|100%| E|CS|TAMS 0x000000008bc00000, 0x000000008bc00000| Complete 
| 131|0x000000008bd00000, 0x000000008be00000, 0x000000008be00000|100%| E|CS|TAMS 0x000000008bd00000, 0x000000008bd00000| Complete 
| 132|0x000000008be00000, 0x000000008bf00000, 0x000000008bf00000|100%| E|CS|TAMS 0x000000008be00000, 0x000000008be00000| Complete 
| 133|0x000000008bf00000, 0x000000008c000000, 0x000000008c000000|100%| E|CS|TAMS 0x000000008bf00000, 0x000000008bf00000| Complete 
| 134|0x000000008c000000, 0x000000008c100000, 0x000000008c100000|100%| E|CS|TAMS 0x000000008c000000, 0x000000008c000000| Complete 
| 135|0x000000008c100000, 0x000000008c200000, 0x000000008c200000|100%| E|CS|TAMS 0x000000008c100000, 0x000000008c100000| Complete 
| 136|0x000000008c200000, 0x000000008c300000, 0x000000008c300000|100%| E|CS|TAMS 0x000000008c200000, 0x000000008c200000| Complete 
| 137|0x000000008c300000, 0x000000008c400000, 0x000000008c400000|100%| E|CS|TAMS 0x000000008c300000, 0x000000008c300000| Complete 
| 138|0x000000008c400000, 0x000000008c500000, 0x000000008c500000|100%| E|CS|TAMS 0x000000008c400000, 0x000000008c400000| Complete 
| 139|0x000000008c500000, 0x000000008c600000, 0x000000008c600000|100%| E|CS|TAMS 0x000000008c500000, 0x000000008c500000| Complete 
| 140|0x000000008c600000, 0x000000008c700000, 0x000000008c700000|100%| E|CS|TAMS 0x000000008c600000, 0x000000008c600000| Complete 
| 141|0x000000008c700000, 0x000000008c800000, 0x000000008c800000|100%| E|CS|TAMS 0x000000008c700000, 0x000000008c700000| Complete 
| 142|0x000000008c800000, 0x000000008c900000, 0x000000008c900000|100%| E|CS|TAMS 0x000000008c800000, 0x000000008c800000| Complete 
| 143|0x000000008c900000, 0x000000008ca00000, 0x000000008ca00000|100%| E|CS|TAMS 0x000000008c900000, 0x000000008c900000| Complete 
| 144|0x000000008ca00000, 0x000000008cb00000, 0x000000008cb00000|100%| E|CS|TAMS 0x000000008ca00000, 0x000000008ca00000| Complete 
| 145|0x000000008cb00000, 0x000000008cc00000, 0x000000008cc00000|100%| E|CS|TAMS 0x000000008cb00000, 0x000000008cb00000| Complete 
| 146|0x000000008cc00000, 0x000000008cd00000, 0x000000008cd00000|100%| E|CS|TAMS 0x000000008cc00000, 0x000000008cc00000| Complete 
| 147|0x000000008cd00000, 0x000000008ce00000, 0x000000008ce00000|100%| E|CS|TAMS 0x000000008cd00000, 0x000000008cd00000| Complete 
| 148|0x000000008ce00000, 0x000000008cf00000, 0x000000008cf00000|100%| E|CS|TAMS 0x000000008ce00000, 0x000000008ce00000| Complete 
| 149|0x000000008cf00000, 0x000000008d000000, 0x000000008d000000|100%| E|CS|TAMS 0x000000008cf00000, 0x000000008cf00000| Complete 
| 150|0x000000008d000000, 0x000000008d100000, 0x000000008d100000|100%| E|CS|TAMS 0x000000008d000000, 0x000000008d000000| Complete 
| 151|0x000000008d100000, 0x000000008d200000, 0x000000008d200000|100%| E|CS|TAMS 0x000000008d100000, 0x000000008d100000| Complete 
| 152|0x000000008d200000, 0x000000008d300000, 0x000000008d300000|100%| E|CS|TAMS 0x000000008d200000, 0x000000008d200000| Complete 
| 153|0x000000008d300000, 0x000000008d400000, 0x000000008d400000|100%| E|CS|TAMS 0x000000008d300000, 0x000000008d300000| Complete 
| 154|0x000000008d400000, 0x000000008d500000, 0x000000008d500000|100%| E|CS|TAMS 0x000000008d400000, 0x000000008d400000| Complete 
| 155|0x000000008d500000, 0x000000008d600000, 0x000000008d600000|100%| E|CS|TAMS 0x000000008d500000, 0x000000008d500000| Complete 
| 156|0x000000008d600000, 0x000000008d700000, 0x000000008d700000|100%| E|CS|TAMS 0x000000008d600000, 0x000000008d600000| Complete 
| 157|0x000000008d700000, 0x000000008d800000, 0x000000008d800000|100%| E|CS|TAMS 0x000000008d700000, 0x000000008d700000| Complete 
| 158|0x000000008d800000, 0x000000008d900000, 0x000000008d900000|100%| E|CS|TAMS 0x000000008d800000, 0x000000008d800000| Complete 
| 159|0x000000008d900000, 0x000000008da00000, 0x000000008da00000|100%| E|CS|TAMS 0x000000008d900000, 0x000000008d900000| Complete 
| 160|0x000000008da00000, 0x000000008db00000, 0x000000008db00000|100%| E|CS|TAMS 0x000000008da00000, 0x000000008da00000| Complete 
| 161|0x000000008db00000, 0x000000008dc00000, 0x000000008dc00000|100%| E|CS|TAMS 0x000000008db00000, 0x000000008db00000| Complete 
| 162|0x000000008dc00000, 0x000000008dd00000, 0x000000008dd00000|100%| E|CS|TAMS 0x000000008dc00000, 0x000000008dc00000| Complete 
| 163|0x000000008dd00000, 0x000000008de00000, 0x000000008de00000|100%| E|CS|TAMS 0x000000008dd00000, 0x000000008dd00000| Complete 
| 164|0x000000008de00000, 0x000000008df00000, 0x000000008df00000|100%| E|CS|TAMS 0x000000008de00000, 0x000000008de00000| Complete 
| 165|0x000000008df00000, 0x000000008e000000, 0x000000008e000000|100%| E|CS|TAMS 0x000000008df00000, 0x000000008df00000| Complete 
| 166|0x000000008e000000, 0x000000008e100000, 0x000000008e100000|100%| E|CS|TAMS 0x000000008e000000, 0x000000008e000000| Complete 
| 167|0x000000008e100000, 0x000000008e200000, 0x000000008e200000|100%| E|CS|TAMS 0x000000008e100000, 0x000000008e100000| Complete 
| 168|0x000000008e200000, 0x000000008e300000, 0x000000008e300000|100%| E|CS|TAMS 0x000000008e200000, 0x000000008e200000| Complete 
| 169|0x000000008e300000, 0x000000008e400000, 0x000000008e400000|100%| E|CS|TAMS 0x000000008e300000, 0x000000008e300000| Complete 
| 170|0x000000008e400000, 0x000000008e500000, 0x000000008e500000|100%| E|CS|TAMS 0x000000008e400000, 0x000000008e400000| Complete 
|1988|0x00000000ffe00000, 0x00000000ffe76000, 0x00000000fff00000| 46%|OA|  |TAMS 0x00000000ffe00000, 0x00000000ffe00000| Untracked 
|1989|0x00000000fff00000, 0x00000000fff82000, 0x0000000100000000| 50%|CA|  |TAMS 0x00000000fff00000, 0x00000000fff00000| Untracked 

Card table byte_map: [0x00007fafead2b000,0x00007fafeb10e000] _byte_map_base: 0x00007fafea90e000

Marking Bits (Prev, Next): (CMBitMap*) 0x00007fafe407f7e0, (CMBitMap*) 0x00007fafe407f820
 Prev Bits: [0x00007fafe8a30000, 0x00007fafea948000)
 Next Bits: [0x00007fafcb568000, 0x00007fafcd480000)

Polling page: 0x00007fafed4b9000

Metaspace:

Usage:
  Non-class:      6,80 MB used.
      Class:    900,18 KB used.
       Both:      7,68 MB used.

Virtual space:
  Non-class space:       16,00 MB reserved,       6,88 MB ( 43%) committed,  2 nodes.
      Class space:        1,00 GB reserved,       1,00 MB ( <1%) committed,  1 nodes.
             Both:        1,02 GB reserved,       7,88 MB ( <1%) committed. 

Chunk freelists:
   Non-Class:  3,81 MB
       Class:  2,97 MB
        Both:  6,79 MB

MaxMetaspaceSize: unlimited
CompressedClassSpaceSize: 1,00 GB
Initial GC threshold: 21,00 MB
Current GC threshold: 21,00 MB
CDS: on
MetaspaceReclaimPolicy: balanced
 - commit_granule_bytes: 65536.
 - commit_granule_words: 8192.
 - virtual_space_node_default_size: 1048576.
 - enlarge_chunks_in_place: 1.
 - new_chunks_are_fully_committed: 0.
 - uncommit_free_chunks: 1.
 - use_allocation_guard: 0.
 - handle_deallocations: 1.


Internal statistics:

num_allocs_failed_limit: 0.
num_arena_births: 136.
num_arena_deaths: 0.
num_vsnodes_births: 3.
num_vsnodes_deaths: 0.
num_space_committed: 126.
num_space_uncommitted: 0.
num_chunks_returned_to_freelist: 0.
num_chunks_taken_from_freelist: 376.
num_chunk_merges: 0.
num_chunk_splits: 253.
num_chunks_enlarged: 182.
num_purges: 0.
num_inconsistent_stats: 0.

CodeHeap 'non-profiled nmethods': size=120032Kb used=921Kb max_used=921Kb free=119110Kb
 bounds [0x00007fafd4f48000, 0x00007fafd51b8000, 0x00007fafdc480000]
CodeHeap 'profiled nmethods': size=120028Kb used=4105Kb max_used=4105Kb free=115922Kb
 bounds [0x00007fafcda11000, 0x00007fafcde21000, 0x00007fafd4f48000]
CodeHeap 'non-nmethods': size=5700Kb used=1175Kb max_used=1175Kb free=4524Kb
 bounds [0x00007fafcd480000, 0x00007fafcd6f0000, 0x00007fafcda11000]
 total_blobs=2611 nmethods=2143 adapters=381
 compilation: enabled
              stopped_count=0, restarted_count=0
 full_count=0

Compilation events (20 events):
Event: 1,679 Thread 0x00007fafe413d340 nmethod 2128 0x00007fafcde09210 code [0x00007fafcde093a0, 0x00007fafcde094b0]
Event: 1,679 Thread 0x00007fafe413d340 2129       2       sun.invoke.util.Wrapper::stackSlots (9 bytes)
Event: 1,679 Thread 0x00007fafe413d340 nmethod 2129 0x00007fafcde09590 code [0x00007fafcde09720, 0x00007fafcde09830]
Event: 1,679 Thread 0x00007fafe413d340 2133       2       java.lang.invoke.InvokerBytecodeGenerator::getInternalName (103 bytes)
Event: 1,679 Thread 0x00007fafe413d340 nmethod 2133 0x00007fafcde09890 code [0x00007fafcde09a80, 0x00007fafcde09df0]
Event: 1,679 Thread 0x00007fafe413d340 2127       2       java.util.ImmutableCollections$List12::get (35 bytes)
Event: 1,683 Thread 0x00007fafe413d340 nmethod 2127 0x00007fafcde09f10 code [0x00007fafcde0a0c0, 0x00007fafcde0a240]
Event: 1,683 Thread 0x00007fafe413d340 2134       2       jdk.internal.org.objectweb.asm.SymbolTable::hash (15 bytes)
Event: 1,684 Thread 0x00007fafe413d340 nmethod 2134 0x00007fafcde0a310 code [0x00007fafcde0a4c0, 0x00007fafcde0a610]
Event: 1,684 Thread 0x00007fafe413d340 2135       2       jdk.internal.org.objectweb.asm.SymbolTable$Entry::<init> (18 bytes)
Event: 1,685 Thread 0x00007fafe413d340 nmethod 2135 0x00007fafcde0a710 code [0x00007fafcde0a8c0, 0x00007fafcde0aa20]
Event: 1,685 Thread 0x00007fafe413d340 2136       2       jdk.internal.org.objectweb.asm.ByteVector::putByteArray (49 bytes)
Event: 1,685 Thread 0x00007fafe413d340 nmethod 2136 0x00007fafcde0ab10 code [0x00007fafcde0acc0, 0x00007fafcde0aef0]
Event: 1,685 Thread 0x00007fafe413d340 2139       2       java.lang.invoke.MethodType::erase (8 bytes)
Event: 1,685 Thread 0x00007fafe413d340 nmethod 2139 0x00007fafcde0b010 code [0x00007fafcde0b1a0, 0x00007fafcde0b2b0]
Event: 1,685 Thread 0x00007fafe413d340 2141       2       jdk.internal.org.objectweb.asm.Label::<init> (5 bytes)
Event: 1,685 Thread 0x00007fafe413d340 nmethod 2141 0x00007fafcde0b390 code [0x00007fafcde0b520, 0x00007fafcde0b610]
Event: 1,685 Thread 0x00007fafe413d340 2142       2       jdk.internal.org.objectweb.asm.Frame::setLocal (65 bytes)
Event: 1,686 Thread 0x00007fafe413d340 nmethod 2142 0x00007fafcde0b690 code [0x00007fafcde0b840, 0x00007fafcde0bc40]
Event: 1,687 Thread 0x00007fafe413d340 2143       2       java.lang.invoke.DirectMethodHandle::<init> (148 bytes)

GC Heap History (14 events):
Event: 0,494 GC heap before
{Heap before GC invocations=0 (full 0):
 garbage-first heap   total 131072K, used 24544K [0x0000000083a00000, 0x0000000100000000)
  region size 1024K, 21 young (21504K), 0 survivors (0K)
 Metaspace       used 4191K, committed 4352K, reserved 1056768K
  class space    used 520K, committed 576K, reserved 1048576K
}
Event: 0,498 GC heap after
{Heap after GC invocations=1 (full 0):
 garbage-first heap   total 131072K, used 5645K [0x0000000083a00000, 0x0000000100000000)
  region size 1024K, 3 young (3072K), 3 survivors (3072K)
 Metaspace       used 4191K, committed 4352K, reserved 1056768K
  class space    used 520K, committed 576K, reserved 1048576K
}
Event: 0,664 GC heap before
{Heap before GC invocations=1 (full 0):
 garbage-first heap   total 131072K, used 40461K [0x0000000083a00000, 0x0000000100000000)
  region size 1024K, 37 young (37888K), 3 survivors (3072K)
 Metaspace       used 4923K, committed 5120K, reserved 1056768K
  class space    used 593K, committed 704K, reserved 1048576K
}
Event: 0,668 GC heap after
{Heap after GC invocations=2 (full 0):
 garbage-first heap   total 131072K, used 6678K [0x0000000083a00000, 0x0000000100000000)
  region size 1024K, 4 young (4096K), 4 survivors (4096K)
 Metaspace       used 4923K, committed 5120K, reserved 1056768K
  class space    used 593K, committed 704K, reserved 1048576K
}
Event: 0,874 GC heap before
{Heap before GC invocations=2 (full 0):
 garbage-first heap   total 131072K, used 79382K [0x0000000083a00000, 0x0000000100000000)
  region size 1024K, 75 young (76800K), 4 survivors (4096K)
 Metaspace       used 5064K, committed 5184K, reserved 1056768K
  class space    used 595K, committed 704K, reserved 1048576K
}
Event: 0,879 GC heap after
{Heap after GC invocations=3 (full 0):
 garbage-first heap   total 131072K, used 7507K [0x0000000083a00000, 0x0000000100000000)
  region size 1024K, 5 young (5120K), 5 survivors (5120K)
 Metaspace       used 5064K, committed 5184K, reserved 1056768K
  class space    used 595K, committed 704K, reserved 1048576K
}
Event: 1,011 GC heap before
{Heap before GC invocations=3 (full 0):
 garbage-first heap   total 131072K, used 79187K [0x0000000083a00000, 0x0000000100000000)
  region size 1024K, 75 young (76800K), 5 survivors (5120K)
 Metaspace       used 5235K, committed 5376K, reserved 1056768K
  class space    used 599K, committed 704K, reserved 1048576K
}
Event: 1,017 GC heap after
{Heap after GC invocations=4 (full 0):
 garbage-first heap   total 131072K, used 8397K [0x0000000083a00000, 0x0000000100000000)
  region size 1024K, 6 young (6144K), 6 survivors (6144K)
 Metaspace       used 5235K, committed 5376K, reserved 1056768K
  class space    used 599K, committed 704K, reserved 1048576K
}
Event: 1,140 GC heap before
{Heap before GC invocations=4 (full 0):
 garbage-first heap   total 131072K, used 79053K [0x0000000083a00000, 0x0000000100000000)
  region size 1024K, 75 young (76800K), 6 survivors (6144K)
 Metaspace       used 5305K, committed 5504K, reserved 1056768K
  class space    used 599K, committed 704K, reserved 1048576K
}
Event: 1,148 GC heap after
{Heap after GC invocations=5 (full 0):
 garbage-first heap   total 131072K, used 9491K [0x0000000083a00000, 0x0000000100000000)
  region size 1024K, 7 young (7168K), 7 survivors (7168K)
 Metaspace       used 5305K, committed 5504K, reserved 1056768K
  class space    used 599K, committed 704K, reserved 1048576K
}
Event: 1,228 GC heap before
{Heap before GC invocations=5 (full 0):
 garbage-first heap   total 131072K, used 79123K [0x0000000083a00000, 0x0000000100000000)
  region size 1024K, 75 young (76800K), 7 survivors (7168K)
 Metaspace       used 5328K, committed 5504K, reserved 1056768K
  class space    used 599K, committed 704K, reserved 1048576K
}
Event: 1,235 GC heap after
{Heap after GC invocations=6 (full 0):
 garbage-first heap   total 177152K, used 9999K [0x0000000083a00000, 0x0000000100000000)
  region size 1024K, 5 young (5120K), 5 survivors (5120K)
 Metaspace       used 5328K, committed 5504K, reserved 1056768K
  class space    used 599K, committed 704K, reserved 1048576K
}
Event: 1,405 GC heap before
{Heap before GC invocations=6 (full 0):
 garbage-first heap   total 177152K, used 110351K [0x0000000083a00000, 0x0000000100000000)
  region size 1024K, 103 young (105472K), 5 survivors (5120K)
 Metaspace       used 5408K, committed 5632K, reserved 1056768K
  class space    used 599K, committed 704K, reserved 1048576K
}
Event: 1,409 GC heap after
{Heap after GC invocations=7 (full 0):
 garbage-first heap   total 177152K, used 10467K [0x0000000083a00000, 0x0000000100000000)
  region size 1024K, 5 young (5120K), 5 survivors (5120K)
 Metaspace       used 5408K, committed 5632K, reserved 1056768K
  class space    used 599K, committed 704K, reserved 1048576K
}

Deoptimization events (20 events):
Event: 1,624 Thread 0x00007fafe4024160 DEOPT PACKING pc=0x00007fafd50147fc sp=0x00007fafebe1ffd0
Event: 1,624 Thread 0x00007fafe4024160 DEOPT UNPACKING pc=0x00007fafcd4d2099 sp=0x00007fafebe1ff00 mode 2
Event: 1,628 Thread 0x00007fafe4024160 Uncommon trap: trap_request=0xffffffc6 fr.pc=0x00007fafd50147fc relative=0x0000000000000c9c
Event: 1,628 Thread 0x00007fafe4024160 Uncommon trap: reason=bimorphic_or_optimized_type_check action=maybe_recompile pc=0x00007fafd50147fc method=java.util.LinkedList.addAll(ILjava/util/Collection;)Z @ 6 c2
Event: 1,628 Thread 0x00007fafe4024160 DEOPT PACKING pc=0x00007fafd50147fc sp=0x00007fafebe1ffd0
Event: 1,628 Thread 0x00007fafe4024160 DEOPT UNPACKING pc=0x00007fafcd4d2099 sp=0x00007fafebe1ff00 mode 2
Event: 1,633 Thread 0x00007fafe4024160 Uncommon trap: trap_request=0xffffffc6 fr.pc=0x00007fafd50147fc relative=0x0000000000000c9c
Event: 1,633 Thread 0x00007fafe4024160 Uncommon trap: reason=bimorphic_or_optimized_type_check action=maybe_recompile pc=0x00007fafd50147fc method=java.util.LinkedList.addAll(ILjava/util/Collection;)Z @ 6 c2
Event: 1,633 Thread 0x00007fafe4024160 DEOPT PACKING pc=0x00007fafd50147fc sp=0x00007fafebe1ffd0
Event: 1,633 Thread 0x00007fafe4024160 DEOPT UNPACKING pc=0x00007fafcd4d2099 sp=0x00007fafebe1ff00 mode 2
Event: 1,635 Thread 0x00007fafe4024160 Uncommon trap: trap_request=0xffffffc6 fr.pc=0x00007fafd50147fc relative=0x0000000000000c9c
Event: 1,635 Thread 0x00007fafe4024160 Uncommon trap: reason=bimorphic_or_optimized_type_check action=maybe_recompile pc=0x00007fafd50147fc method=java.util.LinkedList.addAll(ILjava/util/Collection;)Z @ 6 c2
Event: 1,635 Thread 0x00007fafe4024160 DEOPT PACKING pc=0x00007fafd50147fc sp=0x00007fafebe1ffd0
Event: 1,635 Thread 0x00007fafe4024160 DEOPT UNPACKING pc=0x00007fafcd4d2099 sp=0x00007fafebe1ff00 mode 2
Event: 1,637 Thread 0x00007fafe4024160 Uncommon trap: trap_request=0xffffffc6 fr.pc=0x00007fafd500b728 relative=0x00000000000008e8
Event: 1,637 Thread 0x00007fafe4024160 Uncommon trap: reason=bimorphic_or_optimized_type_check action=maybe_recompile pc=0x00007fafd500b728 method=java.util.LinkedList.addAll(ILjava/util/Collection;)Z @ 6 c2
Event: 1,637 Thread 0x00007fafe4024160 DEOPT PACKING pc=0x00007fafd500b728 sp=0x00007fafebe1ff60
Event: 1,637 Thread 0x00007fafe4024160 DEOPT UNPACKING pc=0x00007fafcd4d2099 sp=0x00007fafebe1ff00 mode 2
Event: 1,641 Thread 0x00007fafe45e5fc0 DEOPT PACKING pc=0x00007fafcdb497d1 sp=0x00007fafaa501ef0
Event: 1,641 Thread 0x00007fafe45e5fc0 DEOPT UNPACKING pc=0x00007fafcd4d282f sp=0x00007fafaa501420 mode 0

Classes unloaded (0 events):
No events

Classes redefined (0 events):
No events

Internal exceptions (9 events):
Event: 0,383 Thread 0x00007fafe4024160 Exception <a 'java/lang/NoSuchMethodError'{0x000000008ae83750}: 'int java.lang.invoke.DirectMethodHandle$Holder.invokeStatic(java.lang.Object, java.lang.Object, int)'> (0x000000008ae83750) 
thrown [../../src/hotspot/share/interpreter/linkResolver.cpp, line 765]
Event: 1,506 Thread 0x00007fafe4024160 Exception <a 'java/lang/NoSuchMethodError'{0x000000008aec9428}: 'java.lang.Object java.lang.invoke.DirectMethodHandle$Holder.invokeStaticInit(java.lang.Object)'> (0x000000008aec9428) 
thrown [../../src/hotspot/share/interpreter/linkResolver.cpp, line 765]
Event: 1,507 Thread 0x00007fafe4024160 Exception <a 'java/lang/NoSuchMethodError'{0x000000008aecf578}: 'java.lang.Object java.lang.invoke.DirectMethodHandle$Holder.invokeInterface(java.lang.Object, java.lang.Object)'> (0x000000008aecf578) 
thrown [../../src/hotspot/share/interpreter/linkResolver.cpp, line 765]
Event: 1,578 Thread 0x00007fafe4024160 Exception <a 'java/lang/NoSuchMethodError'{0x000000008ab9c3b0}: 'void java.lang.invoke.DirectMethodHandle$Holder.invokeStatic(java.lang.Object, java.lang.Object)'> (0x000000008ab9c3b0) 
thrown [../../src/hotspot/share/interpreter/linkResolver.cpp, line 765]
Event: 1,613 Thread 0x00007fafe4024160 Exception <a 'java/lang/NoSuchMethodError'{0x000000008aa28340}: 'void java.lang.invoke.DirectMethodHandle$Holder.invokeSpecial(java.lang.Object, java.lang.Object, java.lang.Object)'> (0x000000008aa28340) 
thrown [../../src/hotspot/share/interpreter/linkResolver.cpp, line 765]
Event: 1,641 Thread 0x00007fafe45e57e0 Exception <a 'java/lang/NoSuchMethodError'{0x000000008a989330}: 'int java.lang.invoke.DirectMethodHandle$Holder.invokeSpecial(java.lang.Object, java.lang.Object, java.lang.Object)'> (0x000000008a989330) 
thrown [../../src/hotspot/share/interpreter/linkResolver.cpp, line 765]
Event: 1,641 Thread 0x00007fafe45e5fc0 Exception <a 'java/lang/NoSuchMethodError'{0x000000008a700248}: 'int java.lang.invoke.DirectMethodHandle$Holder.invokeSpecial(java.lang.Object, java.lang.Object, java.lang.Object)'> (0x000000008a700248) 
thrown [../../src/hotspot/share/interpreter/linkResolver.cpp, line 765]
Event: 1,648 Thread 0x00007fafe45e4a40 Exception <a 'java/lang/NoSuchMethodError'{0x000000008a9189d8}: 'int java.lang.invoke.DirectMethodHandle$Holder.invokeSpecial(java.lang.Object, java.lang.Object, java.lang.Object)'> (0x000000008a9189d8) 
thrown [../../src/hotspot/share/interpreter/linkResolver.cpp, line 765]
Event: 1,685 Thread 0x00007fafe4609290 Exception <a 'java/lang/NoSuchMethodError'{0x000000008a6a0350}: 'void java.lang.invoke.DirectMethodHandle$Holder.invokeVirtual(java.lang.Object, java.lang.Object)'> (0x000000008a6a0350) 
thrown [../../src/hotspot/share/interpreter/linkResolver.cpp, line 765]

VM Operations (20 events):
Event: 0,471 Executing VM operation: HandshakeAllThreads
Event: 0,471 Executing VM operation: HandshakeAllThreads done
Event: 0,494 Executing VM operation: G1CollectForAllocation
Event: 0,498 Executing VM operation: G1CollectForAllocation done
Event: 0,664 Executing VM operation: G1CollectForAllocation
Event: 0,668 Executing VM operation: G1CollectForAllocation done
Event: 0,829 Executing VM operation: ICBufferFull
Event: 0,829 Executing VM operation: ICBufferFull done
Event: 0,874 Executing VM operation: G1CollectForAllocation
Event: 0,879 Executing VM operation: G1CollectForAllocation done
Event: 1,011 Executing VM operation: G1CollectForAllocation
Event: 1,017 Executing VM operation: G1CollectForAllocation done
Event: 1,140 Executing VM operation: G1CollectForAllocation
Event: 1,148 Executing VM operation: G1CollectForAllocation done
Event: 1,228 Executing VM operation: G1CollectForAllocation
Event: 1,235 Executing VM operation: G1CollectForAllocation done
Event: 1,405 Executing VM operation: G1CollectForAllocation
Event: 1,409 Executing VM operation: G1CollectForAllocation done
Event: 1,569 Executing VM operation: HandshakeAllThreads
Event: 1,570 Executing VM operation: HandshakeAllThreads done

Events (20 events):
Event: 1,640 loading class com/sun/management/ThreadMXBean done
Event: 1,640 loading class sun/management/ThreadImpl
Event: 1,640 loading class sun/management/ThreadImpl done
Event: 1,640 loading class com/sun/management/internal/HotSpotThreadImpl done
Event: 1,640 loading class java/util/Collections$2
Event: 1,640 loading class java/util/Collections$2 done
Event: 1,645 loading class java/util/Stack
Event: 1,646 loading class java/util/Stack done
Event: 1,650 Thread 0x00007fafe46025c0 Thread added: 0x00007fafe46025c0
Event: 1,654 Protecting memory [0x00007fafaa105000,0x00007fafaa109000] with protection modes 0
Event: 1,664 Thread 0x00007fafe4603610 Thread added: 0x00007fafe4603610
Event: 1,667 Thread 0x00007fafe46046b0 Thread added: 0x00007fafe46046b0
Event: 1,667 Protecting memory [0x00007fafa9f05000,0x00007fafa9f09000] with protection modes 0
Event: 1,670 Thread 0x00007fafe4609290 Thread added: 0x00007fafe4609290
Event: 1,670 Protecting memory [0x00007fafa9e05000,0x00007fafa9e09000] with protection modes 0
Event: 1,672 Thread 0x00007faf48001d40 Thread added: 0x00007faf48001d40
Event: 1,672 Protecting memory [0x00007fafaa005000,0x00007fafaa009000] with protection modes 0
Event: 1,672 Protecting memory [0x00007fafa9d05000,0x00007fafa9d09000] with protection modes 0
Event: 1,684 loading class java/util/concurrent/Executors$DefaultThreadFactory
Event: 1,684 loading class java/util/concurrent/Executors$DefaultThreadFactory done


Dynamic libraries:
83a00000-8e500000 rw-p 00000000 00:00 0 
8e500000-ffe00000 ---p 00000000 00:00 0 
ffe00000-ffe76000 rw-p 00c99000 fc:03 929435                             /opt/jdk-17.0.3+7/lib/server/classes.jsa
ffe76000-fff00000 rw-p 00000000 00:00 0 
fff00000-fff82000 rw-p 00c17000 fc:03 929435                             /opt/jdk-17.0.3+7/lib/server/classes.jsa
fff82000-100000000 rw-p 00000000 00:00 0 
800000000-800457000 rw-p 00001000 fc:03 929435                           /opt/jdk-17.0.3+7/lib/server/classes.jsa
800457000-800bde000 r--p 00458000 fc:03 929435                           /opt/jdk-17.0.3+7/lib/server/classes.jsa
800bde000-800c00000 ---p 00000000 00:00 0 
800c00000-800c40000 rw-p 00000000 00:00 0 
800c40000-800c80000 rw-p 00000000 00:00 0 
800c80000-800cf0000 rw-p 00000000 00:00 0 
800cf0000-800d00000 ---p 00000000 00:00 0 
800d00000-800d10000 rw-p 00000000 00:00 0 
800d10000-840c00000 ---p 00000000 00:00 0 
55591744a000-55591744b000 r--p 00000000 fc:03 929482                     /opt/jdk-17.0.3+7/bin/java
55591744b000-55591744c000 r-xp 00001000 fc:03 929482                     /opt/jdk-17.0.3+7/bin/java
55591744c000-55591744d000 r--p 00002000 fc:03 929482                     /opt/jdk-17.0.3+7/bin/java
55591744d000-55591744e000 r--p 00002000 fc:03 929482                     /opt/jdk-17.0.3+7/bin/java
55591744e000-55591744f000 rw-p 00003000 fc:03 929482                     /opt/jdk-17.0.3+7/bin/java
555917fbc000-555917fdd000 rw-p 00000000 00:00 0                          [heap]
7faf30000000-7faf30021000 rw-p 00000000 00:00 0 
7faf30021000-7faf34000000 ---p 00000000 00:00 0 
7faf34000000-7faf34021000 rw-p 00000000 00:00 0 
7faf34021000-7faf38000000 ---p 00000000 00:00 0 
7faf38000000-7faf38021000 rw-p 00000000 00:00 0 
7faf38021000-7faf3c000000 ---p 00000000 00:00 0 
7faf3c000000-7faf3c021000 rw-p 00000000 00:00 0 
7faf3c021000-7faf40000000 ---p 00000000 00:00 0 
7faf40000000-7faf40021000 rw-p 00000000 00:00 0 
7faf40021000-7faf44000000 ---p 00000000 00:00 0 
7faf44000000-7faf44021000 rw-p 00000000 00:00 0 
7faf44021000-7faf48000000 ---p 00000000 00:00 0 
7faf48000000-7faf48021000 rw-p 00000000 00:00 0 
7faf48021000-7faf4c000000 ---p 00000000 00:00 0 
7faf4c000000-7faf4c021000 rw-p 00000000 00:00 0 
7faf4c021000-7faf50000000 ---p 00000000 00:00 0 
7faf50000000-7faf50021000 rw-p 00000000 00:00 0 
7faf50021000-7faf54000000 ---p 00000000 00:00 0 
7faf54000000-7faf54021000 rw-p 00000000 00:00 0 
7faf54021000-7faf58000000 ---p 00000000 00:00 0 
7faf58000000-7faf58021000 rw-p 00000000 00:00 0 
7faf58021000-7faf5c000000 ---p 00000000 00:00 0 
7faf5c000000-7faf5c021000 rw-p 00000000 00:00 0 
7faf5c021000-7faf60000000 ---p 00000000 00:00 0 
7faf60000000-7faf60021000 rw-p 00000000 00:00 0 
7faf60021000-7faf64000000 ---p 00000000 00:00 0 
7faf64000000-7faf64021000 rw-p 00000000 00:00 0 
7faf64021000-7faf68000000 ---p 00000000 00:00 0 
7faf68000000-7faf68021000 rw-p 00000000 00:00 0 
7faf68021000-7faf6c000000 ---p 00000000 00:00 0 
7faf6c000000-7faf6c021000 rw-p 00000000 00:00 0 
7faf6c021000-7faf70000000 ---p 00000000 00:00 0 
7faf70000000-7faf70021000 rw-p 00000000 00:00 0 
7faf70021000-7faf74000000 ---p 00000000 00:00 0 
7faf74000000-7faf74021000 rw-p 00000000 00:00 0 
7faf74021000-7faf78000000 ---p 00000000 00:00 0 
7faf78000000-7faf79016000 rw-p 00000000 00:00 0 
7faf79016000-7faf7c000000 ---p 00000000 00:00 0 
7faf7c000000-7faf7c021000 rw-p 00000000 00:00 0 
7faf7c021000-7faf80000000 ---p 00000000 00:00 0 
7faf80000000-7faf80021000 rw-p 00000000 00:00 0 
7faf80021000-7faf84000000 ---p 00000000 00:00 0 
7faf84000000-7faf84021000 rw-p 00000000 00:00 0 
7faf84021000-7faf88000000 ---p 00000000 00:00 0 
7faf88000000-7faf88021000 rw-p 00000000 00:00 0 
7faf88021000-7faf8c000000 ---p 00000000 00:00 0 
7faf8c000000-7faf8c021000 rw-p 00000000 00:00 0 
7faf8c021000-7faf90000000 ---p 00000000 00:00 0 
7faf90000000-7faf912ac000 rw-p 00000000 00:00 0 
7faf912ac000-7faf94000000 ---p 00000000 00:00 0 
7faf94000000-7faf9449d000 rw-p 00000000 00:00 0 
7faf9449d000-7faf98000000 ---p 00000000 00:00 0 
7faf98000000-7faf98021000 rw-p 00000000 00:00 0 
7faf98021000-7faf9c000000 ---p 00000000 00:00 0 
7faf9c000000-7faf9c021000 rw-p 00000000 00:00 0 
7faf9c021000-7fafa0000000 ---p 00000000 00:00 0 
7fafa0000000-7fafa0021000 rw-p 00000000 00:00 0 
7fafa0021000-7fafa4000000 ---p 00000000 00:00 0 
7fafa4000000-7fafa4021000 rw-p 00000000 00:00 0 
7fafa4021000-7fafa8000000 ---p 00000000 00:00 0 
7fafa8e00000-7fafa8f00000 rw-p 00000000 00:00 0 
7fafa8f00000-7fafa8f04000 ---p 00000000 00:00 0 
7fafa8f04000-7fafa9000000 rw-p 00000000 00:00 0 
7fafa9000000-7fafa9004000 ---p 00000000 00:00 0 
7fafa9004000-7fafa9100000 rw-p 00000000 00:00 0 
7fafa9100000-7fafa9104000 ---p 00000000 00:00 0 
7fafa9104000-7fafa9200000 rw-p 00000000 00:00 0 
7fafa9200000-7fafa9204000 ---p 00000000 00:00 0 
7fafa9204000-7fafa9300000 rw-p 00000000 00:00 0 
7fafa9300000-7fafa9304000 ---p 00000000 00:00 0 
7fafa9304000-7fafa9430000 rw-p 00000000 00:00 0 
7fafa9430000-7fafa9c00000 ---p 00000000 00:00 0 
7fafa9c05000-7fafa9c09000 ---p 00000000 00:00 0 
7fafa9c09000-7fafa9d05000 rw-p 00000000 00:00 0 
7fafa9d05000-7fafa9d09000 ---p 00000000 00:00 0 
7fafa9d09000-7fafa9e05000 rw-p 00000000 00:00 0 
7fafa9e05000-7fafa9e09000 ---p 00000000 00:00 0 
7fafa9e09000-7fafa9f05000 rw-p 00000000 00:00 0 
7fafa9f05000-7fafa9f09000 ---p 00000000 00:00 0 
7fafa9f09000-7fafaa005000 rw-p 00000000 00:00 0 
7fafaa005000-7fafaa009000 ---p 00000000 00:00 0 
7fafaa009000-7fafaa105000 rw-p 00000000 00:00 0 
7fafaa105000-7fafaa109000 ---p 00000000 00:00 0 
7fafaa109000-7fafaa205000 rw-p 00000000 00:00 0 
7fafaa205000-7fafaa209000 ---p 00000000 00:00 0 
7fafaa209000-7fafaa305000 rw-p 00000000 00:00 0 
7fafaa305000-7fafaa309000 ---p 00000000 00:00 0 
7fafaa309000-7fafaa405000 rw-p 00000000 00:00 0 
7fafaa405000-7fafaa409000 ---p 00000000 00:00 0 
7fafaa409000-7fafaa505000 rw-p 00000000 00:00 0 
7fafaa505000-7fafaa509000 ---p 00000000 00:00 0 
7fafaa509000-7fafaa605000 rw-p 00000000 00:00 0 
7fafaa605000-7fafaa609000 ---p 00000000 00:00 0 
7fafaa609000-7fafaa705000 rw-p 00000000 00:00 0 
7fafaa705000-7fafaa706000 ---p 00000000 00:00 0 
7fafaa706000-7fafaa807000 rw-p 00000000 00:00 0 
7fafaa807000-7fafaa808000 ---p 00000000 00:00 0 
7fafaa808000-7fafaa909000 rw-p 00000000 00:00 0 
7fafaa909000-7fafaa90a000 ---p 00000000 00:00 0 
7fafaa90a000-7fafaaa0b000 rw-p 00000000 00:00 0 
7fafaaa14000-7fafaab90000 rw-p 00000000 00:00 0 
7fafaab90000-7fafaabb1000 r--p 00000000 fc:03 803187                     /home/corp/.local/share/swilibs/1.4.1-SNAPSHOT/linux/libswipl.so.8.4.2
7fafaabb1000-7fafaacdd000 r-xp 00021000 fc:03 803187                     /home/corp/.local/share/swilibs/1.4.1-SNAPSHOT/linux/libswipl.so.8.4.2
7fafaacdd000-7fafaad2f000 r--p 0014d000 fc:03 803187                     /home/corp/.local/share/swilibs/1.4.1-SNAPSHOT/linux/libswipl.so.8.4.2
7fafaad2f000-7fafaad30000 ---p 0019f000 fc:03 803187                     /home/corp/.local/share/swilibs/1.4.1-SNAPSHOT/linux/libswipl.so.8.4.2
7fafaad30000-7fafaad44000 r--p 0019f000 fc:03 803187                     /home/corp/.local/share/swilibs/1.4.1-SNAPSHOT/linux/libswipl.so.8.4.2
7fafaad44000-7fafaad48000 rw-p 001b3000 fc:03 803187                     /home/corp/.local/share/swilibs/1.4.1-SNAPSHOT/linux/libswipl.so.8.4.2
7fafaad48000-7fafaad4e000 rw-p 00000000 00:00 0 
7fafaad4e000-7fafaad58000 r--p 00000000 fc:03 802692                     /home/corp/.local/share/swilibs/1.4.1-SNAPSHOT/linux/libgmp.so.10.4.0
7fafaad58000-7fafaadb8000 r-xp 0000a000 fc:03 802692                     /home/corp/.local/share/swilibs/1.4.1-SNAPSHOT/linux/libgmp.so.10.4.0
7fafaadb8000-7fafaadcf000 r--p 0006a000 fc:03 802692                     /home/corp/.local/share/swilibs/1.4.1-SNAPSHOT/linux/libgmp.so.10.4.0
7fafaadcf000-7fafaadd0000 ---p 00081000 fc:03 802692                     /home/corp/.local/share/swilibs/1.4.1-SNAPSHOT/linux/libgmp.so.10.4.0
7fafaadd0000-7fafaadd1000 r--p 00081000 fc:03 802692                     /home/corp/.local/share/swilibs/1.4.1-SNAPSHOT/linux/libgmp.so.10.4.0
7fafaadd1000-7fafaadd2000 rw-p 00082000 fc:03 802692                     /home/corp/.local/share/swilibs/1.4.1-SNAPSHOT/linux/libgmp.so.10.4.0
7fafaadd2000-7fafaade0000 r--p 00000000 fc:03 803188                     /home/corp/.local/share/swilibs/1.4.1-SNAPSHOT/linux/libtinfo.so.6.2
7fafaade0000-7fafaadef000 r-xp 0000e000 fc:03 803188                     /home/corp/.local/share/swilibs/1.4.1-SNAPSHOT/linux/libtinfo.so.6.2
7fafaadef000-7fafaadfd000 r--p 0001d000 fc:03 803188                     /home/corp/.local/share/swilibs/1.4.1-SNAPSHOT/linux/libtinfo.so.6.2
7fafaadfd000-7fafaae01000 r--p 0002a000 fc:03 803188                     /home/corp/.local/share/swilibs/1.4.1-SNAPSHOT/linux/libtinfo.so.6.2
7fafaae01000-7fafaae02000 rw-p 0002e000 fc:03 803188                     /home/corp/.local/share/swilibs/1.4.1-SNAPSHOT/linux/libtinfo.so.6.2
7fafaae0a000-7fafaae57000 rw-p 00000000 00:00 0 
7fafaae57000-7fafaae59000 r--p 00000000 fc:03 801981                     /opt/jdk-17.0.3+7/lib/libmanagement_ext.so
7fafaae59000-7fafaae5c000 r-xp 00002000 fc:03 801981                     /opt/jdk-17.0.3+7/lib/libmanagement_ext.so
7fafaae5c000-7fafaae5d000 r--p 00005000 fc:03 801981                     /opt/jdk-17.0.3+7/lib/libmanagement_ext.so
7fafaae5d000-7fafaae5e000 ---p 00006000 fc:03 801981                     /opt/jdk-17.0.3+7/lib/libmanagement_ext.so
7fafaae5e000-7fafaae5f000 r--p 00006000 fc:03 801981                     /opt/jdk-17.0.3+7/lib/libmanagement_ext.so
7fafaae5f000-7fafaae60000 rw-p 00007000 fc:03 801981                     /opt/jdk-17.0.3+7/lib/libmanagement_ext.so
7fafaae60000-7fafaae63000 r--p 00000000 fc:03 802010                     /opt/jdk-17.0.3+7/lib/libmanagement.so
7fafaae63000-7fafaae64000 r-xp 00003000 fc:03 802010                     /opt/jdk-17.0.3+7/lib/libmanagement.so
7fafaae64000-7fafaae65000 r--p 00004000 fc:03 802010                     /opt/jdk-17.0.3+7/lib/libmanagement.so
7fafaae65000-7fafaae66000 r--p 00004000 fc:03 802010                     /opt/jdk-17.0.3+7/lib/libmanagement.so
7fafaae66000-7fafaae67000 rw-p 00005000 fc:03 802010                     /opt/jdk-17.0.3+7/lib/libmanagement.so
7fafaae67000-7fafaae89000 rw-p 00000000 00:00 0 
7fafaae89000-7fafaaea3000 r--s 00000000 fc:03 802691                     /home/corp/.local/share/swilibs/1.4.1-SNAPSHOT/linux/boot.prc
7fafaaea3000-7fafaaea7000 r--p 00000000 fc:03 802693                     /home/corp/.local/share/swilibs/1.4.1-SNAPSHOT/linux/libjpl.so
7fafaaea7000-7fafaaeb1000 r-xp 00004000 fc:03 802693                     /home/corp/.local/share/swilibs/1.4.1-SNAPSHOT/linux/libjpl.so
7fafaaeb1000-7fafaaeb4000 r--p 0000e000 fc:03 802693                     /home/corp/.local/share/swilibs/1.4.1-SNAPSHOT/linux/libjpl.so
7fafaaeb4000-7fafaaeb5000 ---p 00011000 fc:03 802693                     /home/corp/.local/share/swilibs/1.4.1-SNAPSHOT/linux/libjpl.so
7fafaaeb5000-7fafaaeb6000 r--p 00011000 fc:03 802693                     /home/corp/.local/share/swilibs/1.4.1-SNAPSHOT/linux/libjpl.so
7fafaaeb6000-7fafaaeb7000 rw-p 00012000 fc:03 802693                     /home/corp/.local/share/swilibs/1.4.1-SNAPSHOT/linux/libjpl.so
7fafaaeb7000-7fafaaebb000 ---p 00000000 00:00 0 
7fafaaebb000-7fafaafe8000 rw-p 00000000 00:00 0 
7fafaafe8000-7fafaafec000 r--p 00000000 fc:03 802005                     /opt/jdk-17.0.3+7/lib/libnet.so
7fafaafec000-7fafaaffa000 r-xp 00004000 fc:03 802005                     /opt/jdk-17.0.3+7/lib/libnet.so
7fafaaffa000-7fafaaffe000 r--p 00012000 fc:03 802005                     /opt/jdk-17.0.3+7/lib/libnet.so
7fafaaffe000-7fafaafff000 r--p 00015000 fc:03 802005                     /opt/jdk-17.0.3+7/lib/libnet.so
7fafaafff000-7fafab000000 rw-p 00016000 fc:03 802005                     /opt/jdk-17.0.3+7/lib/libnet.so
7fafab000000-7fafab007000 r--p 00000000 fc:03 801995                     /opt/jdk-17.0.3+7/lib/libnio.so
7fafab007000-7fafab010000 r-xp 00007000 fc:03 801995                     /opt/jdk-17.0.3+7/lib/libnio.so
7fafab010000-7fafab014000 r--p 00010000 fc:03 801995                     /opt/jdk-17.0.3+7/lib/libnio.so
7fafab014000-7fafab015000 ---p 00014000 fc:03 801995                     /opt/jdk-17.0.3+7/lib/libnio.so
7fafab015000-7fafab016000 r--p 00014000 fc:03 801995                     /opt/jdk-17.0.3+7/lib/libnio.so
7fafab016000-7fafab017000 rw-p 00015000 fc:03 801995                     /opt/jdk-17.0.3+7/lib/libnio.so
7fafab017000-7fafab01b000 ---p 00000000 00:00 0 
7fafab01b000-7fafab117000 rw-p 00000000 00:00 0 
7fafab117000-7fafab118000 ---p 00000000 00:00 0 
7fafab118000-7fafab219000 rw-p 00000000 00:00 0 
7fafab219000-7fafac000000 r--p 00000000 fc:03 1055126                    /usr/lib/locale/locale-archive
7fafac000000-7fafac032000 rw-p 00000000 00:00 0 
7fafac032000-7fafb0000000 ---p 00000000 00:00 0 
7fafb0000000-7fafb0021000 rw-p 00000000 00:00 0 
7fafb0021000-7fafb4000000 ---p 00000000 00:00 0 
7fafb4000000-7fafb4021000 rw-p 00000000 00:00 0 
7fafb4021000-7fafb8000000 ---p 00000000 00:00 0 
7fafb8000000-7fafb8021000 rw-p 00000000 00:00 0 
7fafb8021000-7fafbc000000 ---p 00000000 00:00 0 
7fafbc000000-7fafbc021000 rw-p 00000000 00:00 0 
7fafbc021000-7fafc0000000 ---p 00000000 00:00 0 
7fafc0000000-7fafc0021000 rw-p 00000000 00:00 0 
7fafc0021000-7fafc4000000 ---p 00000000 00:00 0 
7fafc4000000-7fafc4021000 rw-p 00000000 00:00 0 
7fafc4021000-7fafc8000000 ---p 00000000 00:00 0 
7fafc8000000-7fafc8004000 ---p 00000000 00:00 0 
7fafc8004000-7fafc8100000 rw-p 00000000 00:00 0 
7fafc8100000-7fafc8104000 ---p 00000000 00:00 0 
7fafc8104000-7fafc8200000 rw-p 00000000 00:00 0 
7fafc8200000-7fafc8204000 ---p 00000000 00:00 0 
7fafc8204000-7fafc8300000 rw-p 00000000 00:00 0 
7fafc8300000-7fafc8304000 ---p 00000000 00:00 0 
7fafc8304000-7fafc8400000 rw-p 00000000 00:00 0 
7fafc8400000-7fafc8404000 ---p 00000000 00:00 0 
7fafc8404000-7fafc8500000 rw-p 00000000 00:00 0 
7fafc8500000-7fafc8504000 ---p 00000000 00:00 0 
7fafc8504000-7fafc8600000 rw-p 00000000 00:00 0 
7fafc8600000-7fafc8604000 ---p 00000000 00:00 0 
7fafc8604000-7fafc8700000 rw-p 00000000 00:00 0 
7fafc8700000-7fafc8704000 ---p 00000000 00:00 0 
7fafc8704000-7fafc8ab0000 rw-p 00000000 00:00 0 
7fafc8ab0000-7fafc8c00000 ---p 00000000 00:00 0 
7fafc8c00000-7fafc9000000 rw-p 00000000 00:00 0 
7fafc9006000-7fafc9008000 r--p 00000000 fc:03 801957                     /opt/jdk-17.0.3+7/lib/libzip.so
7fafc9008000-7fafc900c000 r-xp 00002000 fc:03 801957                     /opt/jdk-17.0.3+7/lib/libzip.so
7fafc900c000-7fafc900e000 r--p 00006000 fc:03 801957                     /opt/jdk-17.0.3+7/lib/libzip.so
7fafc900e000-7fafc900f000 r--p 00007000 fc:03 801957                     /opt/jdk-17.0.3+7/lib/libzip.so
7fafc900f000-7fafc9010000 rw-p 00008000 fc:03 801957                     /opt/jdk-17.0.3+7/lib/libzip.so
7fafc9010000-7fafc9014000 ---p 00000000 00:00 0 
7fafc9014000-7fafc9110000 rw-p 00000000 00:00 0 
7fafc9110000-7fafc9111000 ---p 00000000 00:00 0 
7fafc9111000-7fafc9212000 rw-p 00000000 00:00 0 
7fafc9212000-7fafc9217000 r--p 00000000 fc:03 801975                     /opt/jdk-17.0.3+7/lib/libjsvml.so
7fafc9217000-7fafc9258000 r-xp 00005000 fc:03 801975                     /opt/jdk-17.0.3+7/lib/libjsvml.so
7fafc9258000-7fafc92e1000 r--p 00046000 fc:03 801975                     /opt/jdk-17.0.3+7/lib/libjsvml.so
7fafc92e1000-7fafc92e2000 r--p 000ce000 fc:03 801975                     /opt/jdk-17.0.3+7/lib/libjsvml.so
7fafc92e2000-7fafc92e3000 rw-p 000cf000 fc:03 801975                     /opt/jdk-17.0.3+7/lib/libjsvml.so
7fafc92e3000-7fafc9364000 rw-p 00000000 00:00 0 
7fafc9364000-7fafc9365000 ---p 00000000 00:00 0 
7fafc9365000-7fafc9466000 rw-p 00000000 00:00 0 
7fafc9466000-7fafc9467000 ---p 00000000 00:00 0 
7fafc9467000-7fafcb814000 rw-p 00000000 00:00 0 
7fafcb814000-7fafcd478000 ---p 00000000 00:00 0 
7fafcd478000-7fafcd480000 rw-p 00000000 00:00 0 
7fafcd480000-7fafcd6f0000 rwxp 00000000 00:00 0 
7fafcd6f0000-7fafcda11000 ---p 00000000 00:00 0 
7fafcda11000-7fafcde21000 rwxp 00000000 00:00 0 
7fafcde21000-7fafd4f48000 ---p 00000000 00:00 0 
7fafd4f48000-7fafd51b8000 rwxp 00000000 00:00 0 
7fafd51b8000-7fafdc480000 ---p 00000000 00:00 0 
7fafdc480000-7fafe4000000 r--s 00000000 fc:03 802004                     /opt/jdk-17.0.3+7/lib/modules
7fafe4000000-7fafe460e000 rw-p 00000000 00:00 0 
7fafe460e000-7fafe8000000 ---p 00000000 00:00 0 
7fafe8000000-7fafe8007000 r--s 00000000 fc:03 397862                     /usr/lib/x86_64-linux-gnu/gconv/gconv-modules.cache
7fafe8007000-7fafe86a9000 rw-p 00000000 00:00 0 
7fafe86a9000-7fafe86aa000 ---p 00000000 00:00 0 
7fafe86aa000-7fafe87ab000 rw-p 00000000 00:00 0 
7fafe87ab000-7fafe87ac000 ---p 00000000 00:00 0 
7fafe87ac000-7fafe88ad000 rw-p 00000000 00:00 0 
7fafe88ad000-7fafe88ae000 ---p 00000000 00:00 0 
7fafe88ae000-7fafe8cdc000 rw-p 00000000 00:00 0 
7fafe8cdc000-7fafea940000 ---p 00000000 00:00 0 
7fafea940000-7fafea99e000 rw-p 00000000 00:00 0 
7fafea99e000-7fafead2a000 ---p 00000000 00:00 0 
7fafead2a000-7fafead81000 rw-p 00000000 00:00 0 
7fafead81000-7fafeb10d000 ---p 00000000 00:00 0 
7fafeb10d000-7fafeb164000 rw-p 00000000 00:00 0 
7fafeb164000-7fafeb4f0000 ---p 00000000 00:00 0 
7fafeb4f0000-7fafebafc000 rw-p 00000000 00:00 0 
7fafebafc000-7fafebbe2000 ---p 00000000 00:00 0 
7fafebbe2000-7fafebbeb000 rw-p 00000000 00:00 0 
7fafebbeb000-7fafebccd000 ---p 00000000 00:00 0 
7fafebccd000-7fafebcd2000 rw-p 00000000 00:00 0 
7fafebcd2000-7fafebcd9000 ---p 00000000 00:00 0 
7fafebcd9000-7fafebce6000 r--p 00000000 fc:03 802011                     /opt/jdk-17.0.3+7/lib/libjava.so
7fafebce6000-7fafebcf8000 r-xp 0000d000 fc:03 802011                     /opt/jdk-17.0.3+7/lib/libjava.so
7fafebcf8000-7fafebcfe000 r--p 0001f000 fc:03 802011                     /opt/jdk-17.0.3+7/lib/libjava.so
7fafebcfe000-7fafebcff000 ---p 00025000 fc:03 802011                     /opt/jdk-17.0.3+7/lib/libjava.so
7fafebcff000-7fafebd00000 r--p 00025000 fc:03 802011                     /opt/jdk-17.0.3+7/lib/libjava.so
7fafebd00000-7fafebd01000 rw-p 00026000 fc:03 802011                     /opt/jdk-17.0.3+7/lib/libjava.so
7fafebd01000-7fafebd02000 rw-p 00000000 00:00 0 
7fafebd02000-7fafebd06000 r--p 00000000 fc:03 801961                     /opt/jdk-17.0.3+7/lib/libjimage.so
7fafebd06000-7fafebd19000 r-xp 00004000 fc:03 801961                     /opt/jdk-17.0.3+7/lib/libjimage.so
7fafebd19000-7fafebd1f000 r--p 00017000 fc:03 801961                     /opt/jdk-17.0.3+7/lib/libjimage.so
7fafebd1f000-7fafebd21000 r--p 0001c000 fc:03 801961                     /opt/jdk-17.0.3+7/lib/libjimage.so
7fafebd21000-7fafebd22000 rw-p 0001e000 fc:03 801961                     /opt/jdk-17.0.3+7/lib/libjimage.so
7fafebd22000-7fafebd26000 ---p 00000000 00:00 0 
7fafebd26000-7fafebe22000 rw-p 00000000 00:00 0 
7fafebe22000-7fafebe30000 r--p 00000000 fc:03 1056751                    /usr/lib/x86_64-linux-gnu/libm.so.6
7fafebe30000-7fafebeac000 r-xp 0000e000 fc:03 1056751                    /usr/lib/x86_64-linux-gnu/libm.so.6
7fafebeac000-7fafebf07000 r--p 0008a000 fc:03 1056751                    /usr/lib/x86_64-linux-gnu/libm.so.6
7fafebf07000-7fafebf08000 r--p 000e4000 fc:03 1056751                    /usr/lib/x86_64-linux-gnu/libm.so.6
7fafebf08000-7fafebf09000 rw-p 000e5000 fc:03 1056751                    /usr/lib/x86_64-linux-gnu/libm.so.6
7fafebf09000-7fafebf0a000 r--p 00000000 fc:03 1057073                    /usr/lib/x86_64-linux-gnu/librt.so.1
7fafebf0a000-7fafebf0b000 r-xp 00001000 fc:03 1057073                    /usr/lib/x86_64-linux-gnu/librt.so.1
7fafebf0b000-7fafebf0c000 r--p 00002000 fc:03 1057073                    /usr/lib/x86_64-linux-gnu/librt.so.1
7fafebf0c000-7fafebf0d000 r--p 00002000 fc:03 1057073                    /usr/lib/x86_64-linux-gnu/librt.so.1
7fafebf0d000-7fafebf0e000 rw-p 00003000 fc:03 1057073                    /usr/lib/x86_64-linux-gnu/librt.so.1
7fafebf0e000-7fafec15f000 r--p 00000000 fc:03 929444                     /opt/jdk-17.0.3+7/lib/server/libjvm.so
7fafec15f000-7fafece74000 r-xp 00251000 fc:03 929444                     /opt/jdk-17.0.3+7/lib/server/libjvm.so
7fafece74000-7fafed0ff000 r--p 00f66000 fc:03 929444                     /opt/jdk-17.0.3+7/lib/server/libjvm.so
7fafed0ff000-7fafed100000 ---p 011f1000 fc:03 929444                     /opt/jdk-17.0.3+7/lib/server/libjvm.so
7fafed100000-7fafed1b9000 r--p 011f1000 fc:03 929444                     /opt/jdk-17.0.3+7/lib/server/libjvm.so
7fafed1b9000-7fafed1ee000 rw-p 012aa000 fc:03 929444                     /opt/jdk-17.0.3+7/lib/server/libjvm.so
7fafed1ee000-7fafed24b000 rw-p 00000000 00:00 0 
7fafed24b000-7fafed273000 r--p 00000000 fc:03 1056102                    /usr/lib/x86_64-linux-gnu/libc.so.6
7fafed273000-7fafed408000 r-xp 00028000 fc:03 1056102                    /usr/lib/x86_64-linux-gnu/libc.so.6
7fafed408000-7fafed460000 r--p 001bd000 fc:03 1056102                    /usr/lib/x86_64-linux-gnu/libc.so.6
7fafed460000-7fafed464000 r--p 00214000 fc:03 1056102                    /usr/lib/x86_64-linux-gnu/libc.so.6
7fafed464000-7fafed466000 rw-p 00218000 fc:03 1056102                    /usr/lib/x86_64-linux-gnu/libc.so.6
7fafed466000-7fafed473000 rw-p 00000000 00:00 0 
7fafed473000-7fafed474000 r--p 00000000 fc:03 1056244                    /usr/lib/x86_64-linux-gnu/libdl.so.2
7fafed474000-7fafed475000 r-xp 00001000 fc:03 1056244                    /usr/lib/x86_64-linux-gnu/libdl.so.2
7fafed475000-7fafed476000 r--p 00002000 fc:03 1056244                    /usr/lib/x86_64-linux-gnu/libdl.so.2
7fafed476000-7fafed477000 r--p 00002000 fc:03 1056244                    /usr/lib/x86_64-linux-gnu/libdl.so.2
7fafed477000-7fafed478000 rw-p 00003000 fc:03 1056244                    /usr/lib/x86_64-linux-gnu/libdl.so.2
7fafed478000-7fafed479000 r--p 00000000 fc:03 1057017                    /usr/lib/x86_64-linux-gnu/libpthread.so.0
7fafed479000-7fafed47a000 r-xp 00001000 fc:03 1057017                    /usr/lib/x86_64-linux-gnu/libpthread.so.0
7fafed47a000-7fafed47b000 r--p 00002000 fc:03 1057017                    /usr/lib/x86_64-linux-gnu/libpthread.so.0
7fafed47b000-7fafed47c000 r--p 00002000 fc:03 1057017                    /usr/lib/x86_64-linux-gnu/libpthread.so.0
7fafed47c000-7fafed47d000 rw-p 00003000 fc:03 1057017                    /usr/lib/x86_64-linux-gnu/libpthread.so.0
7fafed47d000-7fafed480000 r--p 00000000 fc:03 801998                     /opt/jdk-17.0.3+7/lib/libjli.so
7fafed480000-7fafed48a000 r-xp 00003000 fc:03 801998                     /opt/jdk-17.0.3+7/lib/libjli.so
7fafed48a000-7fafed48d000 r--p 0000d000 fc:03 801998                     /opt/jdk-17.0.3+7/lib/libjli.so
7fafed48d000-7fafed48e000 ---p 00010000 fc:03 801998                     /opt/jdk-17.0.3+7/lib/libjli.so
7fafed48e000-7fafed48f000 r--p 00010000 fc:03 801998                     /opt/jdk-17.0.3+7/lib/libjli.so
7fafed48f000-7fafed490000 rw-p 00011000 fc:03 801998                     /opt/jdk-17.0.3+7/lib/libjli.so
7fafed490000-7fafed492000 r--p 00000000 fc:03 1057439                    /usr/lib/x86_64-linux-gnu/libz.so.1.2.11
7fafed492000-7fafed4a3000 r-xp 00002000 fc:03 1057439                    /usr/lib/x86_64-linux-gnu/libz.so.1.2.11
7fafed4a3000-7fafed4a9000 r--p 00013000 fc:03 1057439                    /usr/lib/x86_64-linux-gnu/libz.so.1.2.11
7fafed4a9000-7fafed4aa000 ---p 00019000 fc:03 1057439                    /usr/lib/x86_64-linux-gnu/libz.so.1.2.11
7fafed4aa000-7fafed4ab000 r--p 00019000 fc:03 1057439                    /usr/lib/x86_64-linux-gnu/libz.so.1.2.11
7fafed4ab000-7fafed4ac000 rw-p 0001a000 fc:03 1057439                    /usr/lib/x86_64-linux-gnu/libz.so.1.2.11
7fafed4ac000-7fafed4ad000 r--p 00000000 fc:03 802006                     /opt/jdk-17.0.3+7/lib/libextnet.so
7fafed4ad000-7fafed4ae000 r-xp 00001000 fc:03 802006                     /opt/jdk-17.0.3+7/lib/libextnet.so
7fafed4ae000-7fafed4af000 r--p 00002000 fc:03 802006                     /opt/jdk-17.0.3+7/lib/libextnet.so
7fafed4af000-7fafed4b0000 r--p 00002000 fc:03 802006                     /opt/jdk-17.0.3+7/lib/libextnet.so
7fafed4b0000-7fafed4b1000 rw-p 00003000 fc:03 802006                     /opt/jdk-17.0.3+7/lib/libextnet.so
7fafed4b1000-7fafed4b9000 rw-s 00000000 fc:03 286505                     /tmp/hsperfdata_corp/63348
7fafed4b9000-7fafed4ba000 ---p 00000000 00:00 0 
7fafed4ba000-7fafed4bb000 r--p 00000000 00:00 0 
7fafed4bb000-7fafed4bd000 rw-p 00000000 00:00 0 
7fafed4bd000-7fafed4bf000 r--p 00000000 fc:03 1055767                    /usr/lib/x86_64-linux-gnu/ld-linux-x86-64.so.2
7fafed4bf000-7fafed4e9000 r-xp 00002000 fc:03 1055767                    /usr/lib/x86_64-linux-gnu/ld-linux-x86-64.so.2
7fafed4e9000-7fafed4f4000 r--p 0002c000 fc:03 1055767                    /usr/lib/x86_64-linux-gnu/ld-linux-x86-64.so.2
7fafed4f4000-7fafed4f5000 ---p 00000000 00:00 0 
7fafed4f5000-7fafed4f7000 r--p 00037000 fc:03 1055767                    /usr/lib/x86_64-linux-gnu/ld-linux-x86-64.so.2
7fafed4f7000-7fafed4f9000 rw-p 00039000 fc:03 1055767                    /usr/lib/x86_64-linux-gnu/ld-linux-x86-64.so.2
7fff08c1d000-7fff08c3e000 rw-p 00000000 00:00 0                          [stack]
7fff08d6e000-7fff08d72000 r--p 00000000 00:00 0                          [vvar]
7fff08d72000-7fff08d74000 r-xp 00000000 00:00 0                          [vdso]
ffffffffff600000-ffffffffff601000 --xp 00000000 00:00 0                  [vsyscall]


VM Arguments:
java_command: goal.tools.eclipse.RunTool /home/corp/eclipse-workspace/.goalprefs /home/corp/eclipse-workspace/AI/ai-GOALdigger/goaldiggersrc/GOALDIGGER.mas2g
java_class_path (initial): /home/corp/.p2/pool/plugins/org.bitbucket.goalhub.runtime.shaded_2.2.1.20220222101259.jar
Launcher Type: SUN_STANDARD

[Global flags]
     intx CICompilerCount                          = 3                                         {product} {ergonomic}
     uint ConcGCThreads                            = 2                                         {product} {ergonomic}
     uint G1ConcRefinementThreads                  = 6                                         {product} {ergonomic}
   size_t G1HeapRegionSize                         = 1048576                                   {product} {ergonomic}
    uintx GCDrainStackTargetSize                   = 64                                        {product} {ergonomic}
   size_t InitialHeapSize                          = 132120576                                 {product} {ergonomic}
   size_t MarkStackSize                            = 4194304                                   {product} {ergonomic}
   size_t MaxHeapSize                              = 2086666240                                {product} {ergonomic}
   size_t MaxNewSize                               = 1251999744                                {product} {ergonomic}
   size_t MinHeapDeltaBytes                        = 1048576                                   {product} {ergonomic}
   size_t MinHeapSize                              = 8388608                                   {product} {ergonomic}
    uintx NonNMethodCodeHeapSize                   = 5832780                                {pd product} {ergonomic}
    uintx NonProfiledCodeHeapSize                  = 122912730                              {pd product} {ergonomic}
    uintx ProfiledCodeHeapSize                     = 122912730                              {pd product} {ergonomic}
    uintx ReservedCodeCacheSize                    = 251658240                              {pd product} {ergonomic}
     bool SegmentedCodeCache                       = true                                      {product} {ergonomic}
   size_t SoftMaxHeapSize                          = 2086666240                             {manageable} {ergonomic}
     bool UseCompressedClassPointers               = true                           {product lp64_product} {ergonomic}
     bool UseCompressedOops                        = true                           {product lp64_product} {ergonomic}
     bool UseG1GC                                  = true                                      {product} {ergonomic}

Logging:
Log output configuration:
 #0: stdout all=warning uptime,level,tags
 #1: stderr all=off uptime,level,tags

Environment Variables:
PATH=/usr/local/sbin:/usr/local/bin:/usr/sbin:/usr/bin:/sbin:/bin:/usr/games:/usr/local/games:/snap/bin:/snap/bin
USERNAME=corp
SHELL=/bin/bash
DISPLAY=:0
LANG=de_DE.UTF-8

Signal Handlers:
   SIGSEGV: crash_handler in libjvm.so, mask=11100100010111111101111111111110, flags=SA_RESTART|SA_SIGINFO
    SIGBUS: crash_handler in libjvm.so, mask=11100100010111111101111111111110, flags=SA_RESTART|SA_SIGINFO
    SIGFPE: crash_handler in libjvm.so, mask=11100100010111111101111111111110, flags=SA_RESTART|SA_SIGINFO
   SIGPIPE: javaSignalHandler in libjvm.so, mask=11100100010111111101111111111110, flags=SA_RESTART|SA_SIGINFO
   SIGXFSZ: javaSignalHandler in libjvm.so, mask=11100100010111111101111111111110, flags=SA_RESTART|SA_SIGINFO
    SIGILL: crash_handler in libjvm.so, mask=11100100010111111101111111111110, flags=SA_RESTART|SA_SIGINFO
   SIGUSR2: 0x00007fafaabfc2b5 in libswipl.so.8.4.2+443061, mask=00000000000000000000000000000000, flags=none
  *** Handler was modified!
  *** Expected: SR_handler in libjvm.so, mask=00100000000000000000000000000000, flags=SA_RESTART|SA_SIGINFO
    SIGHUP: UserHandler in libjvm.so, mask=11100100010111111101111111111110, flags=SA_RESTART|SA_SIGINFO
    SIGINT: UserHandler in libjvm.so, mask=11100100010111111101111111111110, flags=SA_RESTART|SA_SIGINFO
   SIGTERM: UserHandler in libjvm.so, mask=11100100010111111101111111111110, flags=SA_RESTART|SA_SIGINFO
   SIGQUIT: UserHandler in libjvm.so, mask=11100100010111111101111111111110, flags=SA_RESTART|SA_SIGINFO
  *** Handler was modified!
  *** Expected: javaSignalHandler in libjvm.so, mask=11100100110111111111111111111110, flags=SA_RESTART|SA_SIGINFO
   SIGTRAP: crash_handler in libjvm.so, mask=11100100010111111101111111111110, flags=SA_RESTART|SA_SIGINFO


---------------  S Y S T E M  ---------------

OS:
DISTRIB_ID=Ubuntu
DISTRIB_RELEASE=22.04
DISTRIB_CODENAME=jammy
DISTRIB_DESCRIPTION="Ubuntu 22.04 LTS"
uname: Linux 5.15.0-27-generic #28-Ubuntu SMP Thu Apr 14 04:55:28 UTC 2022 x86_64
OS uptime: 0 days 3:10 hours
libc: glibc 2.35 NPTL 2.35 
rlimit (soft/hard): STACK 8192k/infinity , CORE 0k/infinity , NPROC 31541/31541 , NOFILE 1048576/1048576 , AS infinity/infinity , CPU infinity/infinity , DATA infinity/infinity , FSIZE infinity/infinity , MEMLOCK 1017944k/1017944k
load average: 1,85 8,05 5,86

/proc/meminfo:
MemTotal:        8143556 kB
MemFree:         1402168 kB
MemAvailable:    3146264 kB
Buffers:          157148 kB
Cached:          3519000 kB
SwapCached:           48 kB
Active:           958224 kB
Inactive:        5421684 kB
Active(anon):      16100 kB
Inactive(anon):  4458456 kB
Active(file):     942124 kB
Inactive(file):   963228 kB
Unevictable:         144 kB
Mlocked:             144 kB
SwapTotal:        945368 kB
SwapFree:         938664 kB
Dirty:               660 kB
Writeback:             0 kB
AnonPages:       2704120 kB
Mapped:          2320576 kB
Shmem:           1774976 kB
KReclaimable:     127168 kB
Slab:             213108 kB
SReclaimable:     127168 kB
SUnreclaim:        85940 kB
KernelStack:       14084 kB
PageTables:        47316 kB
NFS_Unstable:          0 kB
Bounce:                0 kB
WritebackTmp:          0 kB
CommitLimit:     5017144 kB
Committed_AS:   10060972 kB
VmallocTotal:   34359738367 kB
VmallocUsed:       30452 kB
VmallocChunk:          0 kB
Percpu:             7968 kB
HardwareCorrupted:     0 kB
AnonHugePages:         0 kB
ShmemHugePages:        0 kB
ShmemPmdMapped:        0 kB
FileHugePages:         0 kB
FilePmdMapped:         0 kB
HugePages_Total:       0
HugePages_Free:        0
HugePages_Rsvd:        0
HugePages_Surp:        0
Hugepagesize:       2048 kB
Hugetlb:               0 kB
DirectMap4k:      239456 kB
DirectMap2M:     7104512 kB
DirectMap1G:     2097152 kB

/sys/kernel/mm/transparent_hugepage/enabled: always [madvise] never
/sys/kernel/mm/transparent_hugepage/defrag (defrag/compaction efforts parameter): always defer defer+madvise [madvise] never

Process Memory:
Virtual Size: 6654816K (peak: 6719228K)
Resident Set Size: 233220K (peak: 233220K) (anon: 203356K, file: 29864K, shmem: 0K)
Swapped out: 0K
C-Heap outstanding allocations: 42305K

/proc/sys/kernel/threads-max (system-wide limit on the number of threads): 63082
/proc/sys/vm/max_map_count (maximum number of memory map areas a process may have): 65530
/proc/sys/kernel/pid_max (system-wide limit on number of process identifiers): 4194304

container (cgroup) information:
container_type: cgroupv2
cpu_cpuset_cpus: not supported
cpu_memory_nodes: not supported
active_processor_count: 6
cpu_quota: not supported
cpu_period: not supported
cpu_shares: not supported
memory_limit_in_bytes: unlimited
memory_and_swap_limit_in_bytes: unlimited
memory_soft_limit_in_bytes: unlimited
memory_usage_in_bytes: 4437278720
memory_max_usage_in_bytes: not supported
maximum number of tasks: 9462
current number of tasks: 216

KVM virtualization detected
Steal ticks since vm start: 1
Steal ticks percentage since vm start:  0,001

CPU: total 6 (initial active 6) (1 cores per cpu, 1 threads per core) family 23 model 49 stepping 0 microcode 0x1000065, cx8, cmov, fxsr, mmx, 3dnowpref, sse, sse2, sse3, ssse3, sse4a, sse4.1, sse4.2, popcnt, lzcnt, tsc, avx, avx2, aes, clmul, bmi1, bmi2, adx, sha, fma, vzeroupper, clflush, clflushopt, hv
CPU Model and flags from /proc/cpuinfo:
model name	: AMD EPYC-Rome Processor
flags		: fpu vme de pse tsc msr pae mce cx8 apic sep mtrr pge mca cmov pat pse36 clflush mmx fxsr sse sse2 syscall nx mmxext fxsr_opt pdpe1gb rdtscp lm rep_good nopl cpuid extd_apicid tsc_known_freq pni pclmulqdq ssse3 fma cx16 sse4_1 sse4_2 x2apic movbe popcnt tsc_deadline_timer aes xsave avx f16c rdrand hypervisor lahf_lm cmp_legacy svm cr8_legacy abm sse4a misalignsse 3dnowprefetch osvw topoext perfctr_core ssbd ibpb vmmcall fsgsbase tsc_adjust bmi1 avx2 smep bmi2 rdseed adx smap clflushopt sha_ni xsaveopt xsavec xgetbv1 xsaves clzero xsaveerptr virt_ssbd arat npt nrip_save arch_capabilities

Online cpus: 0-5
Offline cpus: 
BIOS frequency limitation: <Not Available>
Frequency switch latency (ns): <Not Available>
Available cpu frequencies: <Not Available>
Current governor: <Not Available>
Core performance/turbo boost: <Not Available>

Memory: 4k page, physical 8143556k(1402168k free), swap 945368k(938664k free)
Page Sizes: 4k

vm_info: OpenJDK 64-Bit Server VM (17.0.3+7) for linux-amd64 JRE (17.0.3+7), built on Apr 19 2022 21:30:15 by "" with gcc 10.3.0

END.
